2023-05-11 13:14:30,449 [INFO] Activator:176 - 


2023-05-11 13:14:30,451 [INFO] Activator:177 - !SESSION log4j initialized
2023-05-11 13:14:32,105 [INFO] LogOutputStream:77 - [STDOUT_REDIRECT] 
2023-05-11 13:14:50,626 [INFO] ApplicationProperties:184 - Using Application install path: C:\ST\STM32CubeIDE_1.12.0\STM32CubeIDE\plugins\com.st.stm32cube.common.mx_6.8.0.202302231600
2023-05-11 13:14:50,637 [INFO] DbMcusXml:78 - Set database path to: C:\ST\STM32CubeIDE_1.12.0\STM32CubeIDE\plugins\com.st.stm32cube.common.mx_6.8.0.202302231600\\db\/mcu/
2023-05-11 13:14:50,638 [INFO] ApiDb:274 - Set plugin database path to: C:\ST\STM32CubeIDE_1.12.0\STM32CubeIDE\plugins\com.st.stm32cube.common.mx_6.8.0.202302231600\\db\/plugins/boardmanager/
2023-05-11 13:14:50,650 [WARN] ApiDb:259 - Overriding images path with different value:  => C:\ST\STM32CubeIDE_1.12.0\STM32CubeIDE\plugins\com.st.stm32cube.common.mx_6.8.0.202302231600\\db\/plugins/mcufinder/images/
2023-05-11 13:14:50,658 [INFO] ApiDb:250 - Set database path to: C:\Users\SSAFY\.stmcufinder\plugins\mcufinder//mcu/
2023-05-11 13:14:50,660 [INFO] DbMcusAds:125 - Set database path to: C:\Users\SSAFY\.stmcufinder\plugins\mcufinder//mcu/
2023-05-11 13:14:50,667 [INFO] CrossReferenceDbSqlite:203 - Set database path to: C:\Users\SSAFY\.stmcufinder\plugins\mcufinder//mcu/cs/
2023-05-11 13:14:50,756 [INFO] RulesReader:64 - Compatibility file has been processed (293 Rules)
2023-05-11 13:14:50,807 [INFO] DbMcusXml:78 - Set database path to: C:\ST\STM32CubeIDE_1.12.0\STM32CubeIDE\plugins\com.st.stm32cube.common.mx_6.8.0.202302231600\\db\/mcu/
2023-05-11 13:14:50,808 [INFO] ApiDb:274 - Set plugin database path to: C:\ST\STM32CubeIDE_1.12.0\STM32CubeIDE\plugins\com.st.stm32cube.common.mx_6.8.0.202302231600\\db\/plugins/boardmanager/
2023-05-11 13:14:50,808 [INFO] ApiDb:261 - Set plugin images path to: C:\ST\STM32CubeIDE_1.12.0\STM32CubeIDE\plugins\com.st.stm32cube.common.mx_6.8.0.202302231600\\db\/plugins/mcufinder/images/
2023-05-11 13:14:50,808 [WARN] DbFile:41 - Overriding database path with different value: C:\Users\SSAFY\.stmcufinder\plugins\mcufinder/ => C:\Users\SSAFY\.stmcufinder\plugins\mcufinder
2023-05-11 13:14:50,808 [INFO] ApiDb:250 - Set database path to: C:\Users\SSAFY\.stmcufinder\plugins\mcufinder//mcu/
2023-05-11 13:14:50,808 [WARN] DbFile:41 - Overriding database path with different value: C:\Users\SSAFY\.stmcufinder\plugins\mcufinder/ => C:\Users\SSAFY\.stmcufinder\plugins\mcufinder
2023-05-11 13:14:50,808 [INFO] DbMcusAds:125 - Set database path to: C:\Users\SSAFY\.stmcufinder\plugins\mcufinder//mcu/
2023-05-11 13:14:50,808 [WARN] DbFile:41 - Overriding database path with different value: C:\Users\SSAFY\.stmcufinder\plugins\mcufinder/ => C:\Users\SSAFY\.stmcufinder\plugins\mcufinder
2023-05-11 13:14:50,808 [WARN] DbFile:41 - Overriding database path with different value: C:\Users\SSAFY\.stmcufinder\plugins\mcufinder/ => C:\Users\SSAFY\.stmcufinder\plugins\mcufinder
2023-05-11 13:14:50,808 [INFO] CrossReferenceDbSqlite:203 - Set database path to: C:\Users\SSAFY\.stmcufinder\plugins\mcufinder//mcu/cs/
2023-05-11 13:14:50,851 [INFO] MainPanel:253 - HeapMemory: 268435456
2023-05-11 13:14:50,908 [INFO] DbMcusXml:78 - Set database path to: C:\ST\STM32CubeIDE_1.12.0\STM32CubeIDE\plugins\com.st.stm32cube.common.mx_6.8.0.202302231600\\db\/mcu/
2023-05-11 13:14:50,908 [INFO] ApiDb:274 - Set plugin database path to: C:\ST\STM32CubeIDE_1.12.0\STM32CubeIDE\plugins\com.st.stm32cube.common.mx_6.8.0.202302231600\\db\/plugins/boardmanager/
2023-05-11 13:14:50,908 [INFO] ApiDb:261 - Set plugin images path to: C:\ST\STM32CubeIDE_1.12.0\STM32CubeIDE\plugins\com.st.stm32cube.common.mx_6.8.0.202302231600\\db\/plugins/mcufinder/images/
2023-05-11 13:14:50,909 [WARN] DbFile:41 - Overriding database path with different value: C:\Users\SSAFY\.stmcufinder\plugins\mcufinder/ => C:\Users\SSAFY\.stmcufinder\plugins\mcufinder
2023-05-11 13:14:50,909 [INFO] ApiDb:250 - Set database path to: C:\Users\SSAFY\.stmcufinder\plugins\mcufinder//mcu/
2023-05-11 13:14:50,909 [WARN] DbFile:41 - Overriding database path with different value: C:\Users\SSAFY\.stmcufinder\plugins\mcufinder/ => C:\Users\SSAFY\.stmcufinder\plugins\mcufinder
2023-05-11 13:14:50,909 [INFO] DbMcusAds:125 - Set database path to: C:\Users\SSAFY\.stmcufinder\plugins\mcufinder//mcu/
2023-05-11 13:14:50,909 [WARN] DbFile:41 - Overriding database path with different value: C:\Users\SSAFY\.stmcufinder\plugins\mcufinder/ => C:\Users\SSAFY\.stmcufinder\plugins\mcufinder
2023-05-11 13:14:50,909 [WARN] DbFile:41 - Overriding database path with different value: C:\Users\SSAFY\.stmcufinder\plugins\mcufinder/ => C:\Users\SSAFY\.stmcufinder\plugins\mcufinder
2023-05-11 13:14:50,909 [INFO] CrossReferenceDbSqlite:203 - Set database path to: C:\Users\SSAFY\.stmcufinder\plugins\mcufinder//mcu/cs/
2023-05-11 13:14:50,920 [INFO] ApplicationProperties:184 - Using Application install path: C:\ST\STM32CubeIDE_1.12.0\STM32CubeIDE\plugins\com.st.stm32cube.common.mx_6.8.0.202302231600
2023-05-11 13:14:50,921 [INFO] PluginManage:196 - Search for loadable plugins [exclusion list=, ]
2023-05-11 13:14:50,922 [INFO] PluginManage:310 - Check plugin analytics
2023-05-11 13:14:51,019 [INFO] AnalyticsPlugin:253 - Accepted Software Licenses: 
2023-05-11 13:14:51,019 [INFO] AnalyticsPlugin:255 - Accepted CMSIS Pack Licenses: 
2023-05-11 13:14:51,020 [INFO] AnalyticsPlugin:257 - Accepted Firmware Licenses: 
2023-05-11 13:14:51,024 [INFO] PluginManage:359 - Loaded plugin analytics (category:tool,tabindex:-1)
2023-05-11 13:14:51,024 [INFO] PluginManage:310 - Check plugin cadmodel
2023-05-11 13:14:51,027 [INFO] CADModel:105 - Init CAD model plugin
2023-05-11 13:14:51,028 [INFO] PluginManage:359 - Loaded plugin cadmodel (category:power,tabindex:5)
2023-05-11 13:14:51,028 [INFO] PluginManage:310 - Check plugin clock
2023-05-11 13:14:51,034 [INFO] PluginManage:359 - Loaded plugin clock (category:base,tabindex:2)
2023-05-11 13:14:51,034 [INFO] PluginManage:310 - Check plugin ddr
2023-05-11 13:14:51,035 [INFO] PluginManage:359 - Loaded plugin ddr (category:tool,tabindex:6)
2023-05-11 13:14:51,035 [INFO] PluginManage:310 - Check plugin filemanager
2023-05-11 13:14:51,125 [INFO] PluginManage:359 - Loaded plugin filemanager (category:base,tabindex:10)
2023-05-11 13:14:51,125 [INFO] PluginManage:310 - Check plugin ipmanager
2023-05-11 13:14:51,132 [INFO] PluginManage:359 - Loaded plugin ipmanager (category:base,tabindex:5)
2023-05-11 13:14:51,132 [INFO] PluginManage:310 - Check plugin lpbam
2023-05-11 13:14:51,139 [INFO] PluginManage:359 - Loaded plugin lpbam (category:base,tabindex:0)
2023-05-11 13:14:51,139 [INFO] PluginManage:310 - Check plugin pinoutandconfiguration
2023-05-11 13:14:51,146 [INFO] PluginManage:359 - Loaded plugin pinoutandconfiguration (category:base,tabindex:1)
2023-05-11 13:14:51,146 [INFO] PluginManage:310 - Check plugin pinoutconfig
2023-05-11 13:14:51,204 [WARN] SupportedApi:132 - Cannot load RTOS API schema: s4s-elt-must-match.1: The content of 'definitions' must match (annotation?, (simpleType | complexType)?, (unique | key | keyref)*)). A problem was found starting at: attribute.
2023-05-11 13:14:51,285 [INFO] PluginManage:359 - Loaded plugin pinoutconfig (category:base,tabindex:0)
2023-05-11 13:14:51,285 [INFO] PluginManage:310 - Check plugin power
2023-05-11 13:14:51,291 [INFO] PluginManage:359 - Loaded plugin power (category:power,tabindex:4)
2023-05-11 13:14:51,291 [INFO] PluginManage:310 - Check plugin projectmanager
2023-05-11 13:14:51,302 [INFO] PluginManage:359 - Loaded plugin projectmanager (category:projectmanager,tabindex:3)
2023-05-11 13:14:51,302 [INFO] PluginManage:310 - Check plugin thirdparty
2023-05-11 13:14:51,380 [INFO] PluginManage:359 - Loaded plugin thirdparty (category:base,tabindex:-1)
2023-05-11 13:14:51,380 [INFO] PluginManage:310 - Check plugin tools
2023-05-11 13:14:51,380 [WARN] IntegrityCheckThread:84 - waiting for thirdparty lock release [integrity check]
2023-05-11 13:14:51,381 [INFO] IntegrityCheckThread:86 - entering critical section [integrity check]
2023-05-11 13:14:51,381 [INFO] ThirdPartyUpdaterWithRetryManager:70 - Updater plugin not ready yet. [1/15]
2023-05-11 13:14:51,382 [INFO] PluginManage:359 - Loaded plugin tools (category:base,tabindex:7)
2023-05-11 13:14:51,382 [INFO] PluginManage:310 - Check plugin tutovideos
2023-05-11 13:14:51,505 [INFO] PluginManage:359 - Loaded plugin tutovideos (category:base,tabindex:-1)
2023-05-11 13:14:51,505 [INFO] PluginManage:310 - Check plugin updater
2023-05-11 13:14:51,514 [INFO] PluginManage:359 - Loaded plugin updater (category:base,tabindex:12)
2023-05-11 13:14:51,514 [INFO] PluginManage:283 - PluginManage : Loaded plugins [15]
2023-05-11 13:14:51,684 [INFO] PinOutPanel:1499 - setPackage(No Configuration,No Configuration)
2023-05-11 13:14:51,729 [INFO] CADModel:165 - CPN selected for project level
2023-05-11 13:14:51,729 [INFO] CADModel:114 - Register for checkConnection events
2023-05-11 13:14:51,740 [INFO] IPUIPlugin:80 - create IPUIPlugin
2023-05-11 13:14:51,740 [INFO] PluginManager:220 - loadIPPluginJar : add adc
2023-05-11 13:14:51,742 [INFO] IPUIPlugin:80 - create IPUIPlugin
2023-05-11 13:14:51,742 [INFO] PluginManager:220 - loadIPPluginJar : add aes
2023-05-11 13:14:51,744 [INFO] IPUIPlugin:80 - create IPUIPlugin
2023-05-11 13:14:51,744 [INFO] PluginManager:220 - loadIPPluginJar : add can
2023-05-11 13:14:51,745 [INFO] IPUIPlugin:80 - create IPUIPlugin
2023-05-11 13:14:51,745 [INFO] PluginManager:220 - loadIPPluginJar : add comp
2023-05-11 13:14:51,747 [INFO] IPUIPlugin:80 - create IPUIPlugin
2023-05-11 13:14:51,747 [INFO] PluginManager:220 - loadIPPluginJar : add cryp
2023-05-11 13:14:51,748 [INFO] IPUIPlugin:80 - create IPUIPlugin
2023-05-11 13:14:51,748 [INFO] PluginManager:220 - loadIPPluginJar : add dfsdm
2023-05-11 13:14:51,752 [INFO] IPUIPlugin:80 - create IPUIPlugin
2023-05-11 13:14:51,752 [INFO] PluginManager:220 - loadIPPluginJar : add dma
2023-05-11 13:14:51,754 [INFO] IPUIPlugin:80 - create IPUIPlugin
2023-05-11 13:14:51,754 [INFO] PluginManager:220 - loadIPPluginJar : add dma3
2023-05-11 13:14:51,755 [INFO] IPUIPlugin:80 - create IPUIPlugin
2023-05-11 13:14:51,755 [INFO] PluginManager:220 - loadIPPluginJar : add fatfs
2023-05-11 13:14:51,758 [INFO] IPUIPlugin:80 - create IPUIPlugin
2023-05-11 13:14:51,758 [INFO] PluginManager:220 - loadIPPluginJar : add fmc
2023-05-11 13:14:51,761 [INFO] IPUIPlugin:80 - create IPUIPlugin
2023-05-11 13:14:51,761 [INFO] PluginManager:220 - loadIPPluginJar : add freertos
2023-05-11 13:14:51,762 [INFO] IPUIPlugin:80 - create IPUIPlugin
2023-05-11 13:14:51,762 [INFO] PluginManager:220 - loadIPPluginJar : add genericplugin
2023-05-11 13:14:51,764 [INFO] IPUIPlugin:80 - create IPUIPlugin
2023-05-11 13:14:51,764 [INFO] PluginManager:220 - loadIPPluginJar : add gfxmmu
2023-05-11 13:14:51,767 [INFO] IPUIPlugin:80 - create IPUIPlugin
2023-05-11 13:14:51,768 [INFO] PluginManager:220 - loadIPPluginJar : add gic
2023-05-11 13:14:51,770 [INFO] IPUIPlugin:80 - create IPUIPlugin
2023-05-11 13:14:51,770 [INFO] PluginManager:220 - loadIPPluginJar : add gpio
2023-05-11 13:14:51,772 [INFO] IPUIPlugin:80 - create IPUIPlugin
2023-05-11 13:14:51,772 [INFO] PluginManager:220 - loadIPPluginJar : add gtzc
2023-05-11 13:14:51,774 [INFO] IPUIPlugin:80 - create IPUIPlugin
2023-05-11 13:14:51,774 [INFO] PluginManager:220 - loadIPPluginJar : add hash
2023-05-11 13:14:51,775 [INFO] IPUIPlugin:80 - create IPUIPlugin
2023-05-11 13:14:51,775 [INFO] PluginManager:220 - loadIPPluginJar : add i2c
2023-05-11 13:14:51,777 [INFO] IPUIPlugin:80 - create IPUIPlugin
2023-05-11 13:14:51,777 [INFO] PluginManager:220 - loadIPPluginJar : add i2s
2023-05-11 13:14:51,779 [INFO] IPUIPlugin:80 - create IPUIPlugin
2023-05-11 13:14:51,779 [INFO] PluginManager:220 - loadIPPluginJar : add i3c
2023-05-11 13:14:51,781 [INFO] IPUIPlugin:80 - create IPUIPlugin
2023-05-11 13:14:51,781 [INFO] PluginManager:220 - loadIPPluginJar : add ipddr
2023-05-11 13:14:51,786 [INFO] IPUIPlugin:80 - create IPUIPlugin
2023-05-11 13:14:51,786 [INFO] PluginManager:220 - loadIPPluginJar : add linkedlist
2023-05-11 13:14:51,788 [INFO] IPUIPlugin:80 - create IPUIPlugin
2023-05-11 13:14:51,788 [INFO] PluginManager:220 - loadIPPluginJar : add lorawan
2023-05-11 13:14:51,788 [INFO] IPUIPlugin:80 - create IPUIPlugin
2023-05-11 13:14:51,788 [INFO] PluginManager:220 - loadIPPluginJar : add ltdc
2023-05-11 13:14:51,792 [INFO] IPUIPlugin:80 - create IPUIPlugin
2023-05-11 13:14:51,792 [INFO] PluginManager:220 - loadIPPluginJar : add mdma
2023-05-11 13:14:51,794 [INFO] IPUIPlugin:80 - create IPUIPlugin
2023-05-11 13:14:51,794 [INFO] PluginManager:220 - loadIPPluginJar : add nvic
2023-05-11 13:14:51,796 [INFO] IPUIPlugin:80 - create IPUIPlugin
2023-05-11 13:14:51,796 [INFO] PluginManager:220 - loadIPPluginJar : add opamp
2023-05-11 13:14:51,798 [INFO] IPUIPlugin:80 - create IPUIPlugin
2023-05-11 13:14:51,798 [INFO] PluginManager:220 - loadIPPluginJar : add openamp
2023-05-11 13:14:51,800 [INFO] IPUIPlugin:80 - create IPUIPlugin
2023-05-11 13:14:51,800 [INFO] PluginManager:220 - loadIPPluginJar : add pdm2pcm
2023-05-11 13:14:51,804 [INFO] IPUIPlugin:80 - create IPUIPlugin
2023-05-11 13:14:51,806 [INFO] PluginManager:220 - loadIPPluginJar : add plateformsettings
2023-05-11 13:14:51,808 [INFO] IPUIPlugin:80 - create IPUIPlugin
2023-05-11 13:14:51,808 [INFO] PluginManager:220 - loadIPPluginJar : add quadspi
2023-05-11 13:14:51,810 [INFO] IPUIPlugin:80 - create IPUIPlugin
2023-05-11 13:14:51,810 [INFO] PluginManager:220 - loadIPPluginJar : add resmgrutility
2023-05-11 13:14:51,812 [INFO] IPUIPlugin:80 - create IPUIPlugin
2023-05-11 13:14:51,812 [INFO] PluginManager:220 - loadIPPluginJar : add sai
2023-05-11 13:14:51,814 [INFO] IPUIPlugin:80 - create IPUIPlugin
2023-05-11 13:14:51,814 [INFO] PluginManager:220 - loadIPPluginJar : add spi
2023-05-11 13:14:51,818 [INFO] IPUIPlugin:80 - create IPUIPlugin
2023-05-11 13:14:51,818 [INFO] PluginManager:220 - loadIPPluginJar : add stm32_wpan
2023-05-11 13:14:51,819 [INFO] IPUIPlugin:80 - create IPUIPlugin
2023-05-11 13:14:51,819 [INFO] PluginManager:220 - loadIPPluginJar : add tim
2023-05-11 13:14:51,822 [INFO] IPUIPlugin:80 - create IPUIPlugin
2023-05-11 13:14:51,822 [INFO] PluginManager:220 - loadIPPluginJar : add touchsensing
2023-05-11 13:14:51,823 [INFO] IPUIPlugin:80 - create IPUIPlugin
2023-05-11 13:14:51,823 [INFO] PluginManager:220 - loadIPPluginJar : add tracer_emb
2023-05-11 13:14:51,824 [INFO] IPUIPlugin:80 - create IPUIPlugin
2023-05-11 13:14:51,824 [INFO] PluginManager:220 - loadIPPluginJar : add ts
2023-05-11 13:14:51,825 [INFO] IPUIPlugin:80 - create IPUIPlugin
2023-05-11 13:14:51,825 [INFO] PluginManager:220 - loadIPPluginJar : add tsc
2023-05-11 13:14:51,826 [INFO] IPUIPlugin:80 - create IPUIPlugin
2023-05-11 13:14:51,827 [INFO] PluginManager:220 - loadIPPluginJar : add ucpd
2023-05-11 13:14:51,828 [INFO] IPUIPlugin:80 - create IPUIPlugin
2023-05-11 13:14:51,829 [INFO] PluginManager:220 - loadIPPluginJar : add usart
2023-05-11 13:14:51,831 [INFO] IPUIPlugin:80 - create IPUIPlugin
2023-05-11 13:14:51,831 [INFO] PluginManager:220 - loadIPPluginJar : add usbx
2023-05-11 13:14:51,941 [INFO] CADModel:165 - CPN selected for project level
2023-05-11 13:14:51,941 [INFO] CADModel:114 - Register for checkConnection events
2023-05-11 13:14:51,941 [FATAL] Updater:308 - Updater called before beeing initialized
2023-05-11 13:14:51,942 [ERROR] CADModel:125 - Updater not yet initialized, retry later 
2023-05-11 13:14:52,025 [INFO] CADModel:165 - CPN selected for project level
2023-05-11 13:14:52,026 [INFO] CADModel:114 - Register for checkConnection events
2023-05-11 13:14:52,026 [FATAL] Updater:308 - Updater called before beeing initialized
2023-05-11 13:14:52,026 [ERROR] CADModel:125 - Updater not yet initialized, retry later 
2023-05-11 13:14:52,028 [FATAL] Updater:308 - Updater called before beeing initialized
2023-05-11 13:14:52,114 [FATAL] Updater:308 - Updater called before beeing initialized
2023-05-11 13:14:52,132 [INFO] DbMcusAds:53 - JSON generation date=Tue Mar 07 17:50:54 KST 2023 (1678179054945)
2023-05-11 13:14:52,132 [FATAL] Updater:308 - Updater called before beeing initialized
2023-05-11 13:14:52,157 [WARN] DetailPanel:346 - Failed to get advertising image, set to default
2023-05-11 13:14:52,232 [FATAL] Updater:308 - Updater called before beeing initialized
2023-05-11 13:14:52,233 [FATAL] Updater:308 - Updater called before beeing initialized
2023-05-11 13:14:52,233 [FATAL] Updater:308 - Updater called before beeing initialized
2023-05-11 13:14:52,233 [WARN] DetailPanel:346 - Failed to get advertising image, set to default
2023-05-11 13:14:52,234 [FATAL] Updater:308 - Updater called before beeing initialized
2023-05-11 13:14:52,264 [ERROR] Updater:1120 - MainUpdater not yet initialized. External WinMGr cannot be set.
2023-05-11 13:14:52,266 [INFO] Updater:1056 - Updater Version found : 6.8.0
2023-05-11 13:14:52,278 [INFO] ApplicationProperties:184 - Using Application install path: C:\ST\STM32CubeIDE_1.12.0\STM32CubeIDE\plugins\com.st.stm32cube.common.mx_6.8.0.202302231600
2023-05-11 13:14:52,746 [INFO] MainUpdater:2854 - connection check result : 10
2023-05-11 13:14:52,746 [INFO] MainUpdater:283 - Updater Check For Update Now.
2023-05-11 13:14:52,746 [INFO] MicroXplorer:498 - Change Database Version : DB.6.0.80
2023-05-11 13:14:52,898 [INFO] CheckServerUpdateThread:120 - End of CheckServer Thread
2023-05-11 13:14:52,953 [INFO] MainUpdater:2854 - connection check result : 10
2023-05-11 13:14:53,135 [INFO] ApiDb:581 - Connected to CubeFinder SQLite database (C:\Users\SSAFY\.stmcufinder\plugins\mcufinder\mcu\cube-finder-db.db)
2023-05-11 13:14:53,180 [INFO] ApiDb:668 - CubeFinder database Data Model version=2.1
2023-05-11 13:14:53,181 [INFO] ApiDb:669 - CubeFinder database Configuration version=3.0.35
2023-05-11 13:14:53,181 [INFO] ApiDb:670 - CubeFinder database generation date=2023-04-03 (1680511692)
2023-05-11 13:14:53,181 [INFO] ApiDb:671 - CubeFinder database FW Pack versions=[FP-ATR-ASTRA1_V2.0.0, STM32Cube_FW_C0_V1.0.1, STM32Cube_FW_F0_V1.11.4, STM32Cube_FW_F3_V1.11.4, STM32Cube_FW_F4_V1.27.1, STM32Cube_FW_F7_V1.17.0, STM32Cube_FW_G0_V1.6.1, STM32Cube_FW_G4_V1.5.1, STM32Cube_FW_H5_V0.5.1, STM32Cube_FW_H5_V1.0.0, STM32Cube_FW_H7_V1.11.0, STM32Cube_FW_L0_V1.12.2, STM32Cube_FW_L5_V1.5.0, STM32Cube_FW_U5_V1.2.0, STM32Cube_FW_WBA_V1.0.0, STM32Cube_FW_WBA_V1.0.0RC1, STM32Cube_FW_WBA_V1.0.0RC3, STM32Cube_FW_WB_V1.15.0RC1, STM32Cube_FW_WB_V1.16.0, STM32Cube_FW_WB_V1.16.0RC2, STM32Cube_FW_WL_V1.3.0, X-CUBE-ALGOBUILD_V1.3.0, X-CUBE-ALS_V1.0.1, X-CUBE-AZRTOS-F4_V1.1.0, X-CUBE-AZRTOS-F7_V1.1.0, X-CUBE-AZRTOS-G0_V1.1.0, X-CUBE-AZRTOS-G4_V1.0.0, X-CUBE-AZRTOS-H7_V3.0.0, X-CUBE-AZRTOS-L4_V1.0.0, X-CUBE-AZRTOS-L5_V1.1.0, X-CUBE-AZRTOS-WB_V1.1.0, X-CUBE-AZRTOS-WL_V1.0.0, X-CUBE-BLE1_V6.2.4, X-CUBE-BLE2_V3.3.0, X-CUBE-BLEMGR_V1.3.0, X-CUBE-EEPRMA1_V4.1.0, X-CUBE-FREERTOS_V1.0.1, X-CUBE-GNSS1_V6.0.0, X-CUBE-MEMS1_V9.1.0, X-CUBE-MEMS1_V9.4.0, X-CUBE-MEMS1_V9.5.0, X-CUBE-NFC4_V3.0.0, X-CUBE-NFC7_V1.0.0, X-CUBE-SFXS2LP1_V4.0.0, X-CUBE-SUBG2_V5.0.0]
2023-05-11 13:14:53,235 [INFO] DbBoardsSqlite:226 - include board P-NUCLEO-WB55-NUCLEO as a kit item of type 'Nucleo-64'
2023-05-11 13:14:53,236 [INFO] DbBoardsSqlite:226 - include board P-NUCLEO-WB55-USBDONGLE as a kit item of type 'Nucleo USB Dongle'
2023-05-11 13:14:53,236 [INFO] DbBoardsSqlite:226 - include board STEVAL-IDP005V1 as a kit item of type 'Evaluation Board'
2023-05-11 13:14:53,236 [INFO] DbBoardsSqlite:226 - include board STEVAL-IDP005V2 as a kit item of type 'Evaluation Board'
2023-05-11 13:14:53,279 [INFO] ApiDb:240 - Found 297 in-development CPN: [B-G473E-ZEST1S, B-WB1M-WPAN1, B-WL5M-SUBG1, NUCLEO-C031C6, NUCLEO-H503RB, NUCLEO-H563ZI, NUCLEO-U545RE-Q, NUCLEO-U5A5ZJ-Q, NUCLEO-WBA52CG, STEVAL-PROTEUS1, STEVAL-STWINBX1, STM320518-EVAL, STM32C0116-DK, STM32C011D6Y3TR, STM32C011D6Y6TR, STM32C011F4P3, STM32C011F4P6, STM32C011F4U3, STM32C011F4U6TR, STM32C011F6P3, STM32C011F6P6, STM32C011F6U3, STM32C011F6U6TR, STM32C011J4M3, STM32C011J4M6, STM32C011J6M3, STM32C011J6M6, STM32C0316-DK, STM32C031C4T3, STM32C031C4T6, STM32C031C4U3, STM32C031C4U6, STM32C031C6T3, STM32C031C6T6, STM32C031C6U3, STM32C031C6U6, STM32C031F4P3, STM32C031F4P6, STM32C031F6P3, STM32C031F6P6, STM32C031G4U3, STM32C031G4U6, STM32C031G6U3, STM32C031G6U6, STM32C031K4T3, STM32C031K4T6, STM32C031K4U3, STM32C031K4U6, STM32C031K6T3, STM32C031K6T6, STM32C031K6U3, STM32C031K6U6, STM32G071K8TXN, STM32G071K8UXN, STM32G081GBU6N, STM32G081KBT6N, STM32G081KBUXN, STM32G0B1CCT6N, STM32G0B1KCT6, STM32G0B1NEY6TR, STM32G0B1RCT6N, STM32G0C1CCT6, STM32G0C1CCT6N, STM32G0C1CCU6N, STM32G0C1CET6N, STM32G0C1CEU6N, STM32G0C1KCT6, STM32G0C1NEY6TR, STM32G0C1RCI6N, STM32G0C1RCT6N, STM32G0C1REI6N, STM32G0C1RET6N, STM32G0C1VCI6, STM32G0C1VEI6, STM32G471CCT6, STM32G471CCU6, STM32G471CET3, STM32G471CET6, STM32G471CEU3, STM32G471CEU6, STM32G471MCT6, STM32G471MET3, STM32G471MET6, STM32G471MEY6TR, STM32G471QCT6, STM32G471QET3, STM32G471RCT6, STM32G471RET3, STM32G471RET6, STM32G471VCH6, STM32G471VCI6, STM32G471VCT6, STM32G471VEH3, STM32G471VEH6, STM32G471VEI3, STM32G471VEI6, STM32G471VET3, STM32G471VET6, STM32G474CCT6, STM32H503CBT6, STM32H503CBU6, STM32H503EBY6TR, STM32H503KBU6, STM32H503RBT6, STM32H562AGI6, STM32H562AII6, STM32H562IGK6, STM32H562IGT6, STM32H562IIK6, STM32H562IIT6, STM32H562RGT6, STM32H562RGV6, STM32H562RIT6, STM32H562RIV6, STM32H562VGT6, STM32H562VIT6, STM32H562ZGT6, STM32H562ZIT6, STM32H563AGI6, STM32H563AII3Q, STM32H563AII6, STM32H563IGK6, STM32H563IGT6, STM32H563IIK3Q, STM32H563IIK6, STM32H563IIT3Q, STM32H563IIT6, STM32H563MIY3QTR, STM32H563RGT6, STM32H563RGV6, STM32H563RIT6, STM32H563RIV6, STM32H563VGT6, STM32H563VIT3Q, STM32H563VIT6, STM32H563ZGT6, STM32H563ZIT3Q, STM32H563ZIT6, STM32H573AII3Q, STM32H573AII6, STM32H573I-DK, STM32H573IIK3Q, STM32H573IIK6, STM32H573IIT3Q, STM32H573IIT6, STM32H573MIY3QTR, STM32H573RIT6, STM32H573RIV6, STM32H573VIT3Q, STM32H573VIT6, STM32H573ZIT3Q, STM32H573ZIT6, STM32L4R5QGI6STR, STM32MP131AAE3, STM32MP131AAF3, STM32MP131AAG3, STM32MP131CAE3, STM32MP131CAF3, STM32MP131CAG3, STM32MP131DAE7, STM32MP131DAF7, STM32MP131DAG7, STM32MP131FAE7, STM32MP131FAF7, STM32MP131FAG7, STM32MP133AAE3, STM32MP133AAF3, STM32MP133AAG3, STM32MP133CAE3, STM32MP133CAF3, STM32MP133CAG3, STM32MP133DAE7, STM32MP133DAF7, STM32MP133DAG7, STM32MP133FAE7, STM32MP133FAF7, STM32MP133FAG7, STM32MP135AAE3, STM32MP135AAF3, STM32MP135AAG3, STM32MP135CAE3, STM32MP135CAF3, STM32MP135CAG3, STM32MP135DAE7, STM32MP135DAF7, STM32MP135DAG7, STM32MP135F-DK, STM32MP135FAE7, STM32MP135FAF7, STM32MP135FAF7T, STM32MP135FAF7U, STM32MP135FAG7, STM32U535CBT6, STM32U535CBT6Q, STM32U535CBU6, STM32U535CBU6Q, STM32U535CCT6, STM32U535CCT6Q, STM32U535CCU6, STM32U535CCU6Q, STM32U535CET6, STM32U535CET6Q, STM32U535CEU6, STM32U535CEU6Q, STM32U535JEY6QTR, STM32U535NCY6QTR, STM32U535NEY6QTR, STM32U535RBI6, STM32U535RBI6Q, STM32U535RBT6, STM32U535RBT6Q, STM32U535RCI6, STM32U535RCI6Q, STM32U535RCT6, STM32U535RCT6Q, STM32U535REI6, STM32U535REI6Q, STM32U535RET6, STM32U535RET6Q, STM32U535VCI6, STM32U535VCI6Q, STM32U535VCT6, STM32U535VCT6Q, STM32U535VEI6, STM32U535VEI6Q, STM32U535VET6, STM32U535VET6Q, STM32U545CET6, STM32U545CET6Q, STM32U545CEU6, STM32U545CEU6Q, STM32U545JEY6QTR, STM32U545NEY6QTR, STM32U545REI6, STM32U545REI6Q, STM32U545RET6, STM32U545RET6Q, STM32U545VEI6, STM32U545VEI6Q, STM32U545VET6, STM32U545VET6Q, STM32U595AIH6, STM32U595AIH6Q, STM32U595AJH6, STM32U595AJH6Q, STM32U595QII6, STM32U595QII6Q, STM32U595QJI6, STM32U595QJI6Q, STM32U595RIT6, STM32U595RIT6Q, STM32U595RJT6, STM32U595RJT6Q, STM32U595VIT6, STM32U595VIT6Q, STM32U595VJT6, STM32U595VJT6Q, STM32U595ZIT6, STM32U595ZIT6Q, STM32U595ZIY6QTR, STM32U595ZJT6, STM32U595ZJT6Q, STM32U595ZJY6QTR, STM32U599BJY6QTR, STM32U599NIH6Q, STM32U599NJH6Q, STM32U599VIT6Q, STM32U599VJT6, STM32U599VJT6Q, STM32U599ZIT6Q, STM32U599ZIY6QTR, STM32U599ZJT6Q, STM32U599ZJY6QTR, STM32U5A5AJH6, STM32U5A5AJH6Q, STM32U5A5QJI6, STM32U5A5QJI6Q, STM32U5A5RJT6, STM32U5A5RJT6Q, STM32U5A5VJT6, STM32U5A5VJT6Q, STM32U5A5ZJT6, STM32U5A5ZJT6Q, STM32U5A5ZJY6QTR, STM32U5A9BJY6QTR, STM32U5A9J-DK, STM32U5A9NJH6Q, STM32U5A9VJT6Q, STM32U5A9ZJT6Q, STM32U5A9ZJY6QTR, STM32WB1MMCH6, STM32WBA52CEU6, STM32WBA52CEU6T, STM32WBA52CGU6, STM32WBA52CGU6T, STM32WL5MOCH6, STM32WL5MOCH6TR]
2023-05-11 13:14:53,399 [INFO] BoardInfo:880 - No configuration file found for board P-NUCLEO-WB55
2023-05-11 13:14:53,399 [INFO] DbBoards:157 - Kit is not supported: P-NUCLEO-WB55
2023-05-11 13:14:53,403 [INFO] BoardInfo:880 - No configuration file found for board STEVAL-BFA001V1B
2023-05-11 13:14:53,403 [INFO] DbBoards:157 - Kit is not supported: STEVAL-BFA001V1B
2023-05-11 13:14:53,404 [INFO] BoardInfo:880 - No configuration file found for board STEVAL-BFA001V2B
2023-05-11 13:14:53,404 [INFO] DbBoards:157 - Kit is not supported: STEVAL-BFA001V2B
2023-05-11 13:14:53,453 [ERROR] LogOutputStream:75 - [STDERR_REDIRECT] SLF4J: Failed to load class "org.slf4j.impl.StaticLoggerBinder".
2023-05-11 13:14:53,454 [ERROR] LogOutputStream:75 - [STDERR_REDIRECT] SLF4J: Defaulting to no-operation (NOP) logger implementation
2023-05-11 13:14:53,455 [ERROR] LogOutputStream:75 - [STDERR_REDIRECT] SLF4J: See http://www.slf4j.org/codes.html#StaticLoggerBinder for further details.
2023-05-11 13:14:53,493 [INFO] DbBoards:161 - Found 187 boards, 184 are supported
2023-05-11 13:14:53,497 [INFO] ApiDb:668 - CubeFinder database Data Model version=2.1
2023-05-11 13:14:53,497 [INFO] ApiDb:669 - CubeFinder database Configuration version=3.0.35
2023-05-11 13:14:53,497 [INFO] ApiDb:670 - CubeFinder database generation date=2023-04-03 (1680511692)
2023-05-11 13:14:53,497 [INFO] ApiDb:671 - CubeFinder database FW Pack versions=[FP-ATR-ASTRA1_V2.0.0, STM32Cube_FW_C0_V1.0.1, STM32Cube_FW_F0_V1.11.4, STM32Cube_FW_F3_V1.11.4, STM32Cube_FW_F4_V1.27.1, STM32Cube_FW_F7_V1.17.0, STM32Cube_FW_G0_V1.6.1, STM32Cube_FW_G4_V1.5.1, STM32Cube_FW_H5_V0.5.1, STM32Cube_FW_H5_V1.0.0, STM32Cube_FW_H7_V1.11.0, STM32Cube_FW_L0_V1.12.2, STM32Cube_FW_L5_V1.5.0, STM32Cube_FW_U5_V1.2.0, STM32Cube_FW_WBA_V1.0.0, STM32Cube_FW_WBA_V1.0.0RC1, STM32Cube_FW_WBA_V1.0.0RC3, STM32Cube_FW_WB_V1.15.0RC1, STM32Cube_FW_WB_V1.16.0, STM32Cube_FW_WB_V1.16.0RC2, STM32Cube_FW_WL_V1.3.0, X-CUBE-ALGOBUILD_V1.3.0, X-CUBE-ALS_V1.0.1, X-CUBE-AZRTOS-F4_V1.1.0, X-CUBE-AZRTOS-F7_V1.1.0, X-CUBE-AZRTOS-G0_V1.1.0, X-CUBE-AZRTOS-G4_V1.0.0, X-CUBE-AZRTOS-H7_V3.0.0, X-CUBE-AZRTOS-L4_V1.0.0, X-CUBE-AZRTOS-L5_V1.1.0, X-CUBE-AZRTOS-WB_V1.1.0, X-CUBE-AZRTOS-WL_V1.0.0, X-CUBE-BLE1_V6.2.4, X-CUBE-BLE2_V3.3.0, X-CUBE-BLEMGR_V1.3.0, X-CUBE-EEPRMA1_V4.1.0, X-CUBE-FREERTOS_V1.0.1, X-CUBE-GNSS1_V6.0.0, X-CUBE-MEMS1_V9.1.0, X-CUBE-MEMS1_V9.4.0, X-CUBE-MEMS1_V9.5.0, X-CUBE-NFC4_V3.0.0, X-CUBE-NFC7_V1.0.0, X-CUBE-SFXS2LP1_V4.0.0, X-CUBE-SUBG2_V5.0.0]
2023-05-11 13:14:54,517 [WARN] PackLoader:240 - Cannot read IP mode file for STMicroelectronics.X-CUBE-GNSS1.6.0.0
2023-05-11 13:14:54,538 [WARN] PackLoader:240 - Cannot read IP mode file for STMicroelectronics.X-CUBE-AZRTOS-F4.1.1.0
2023-05-11 13:14:54,559 [WARN] PackLoader:240 - Cannot read IP mode file for STMicroelectronics.X-CUBE-SMBUS.2.1.0
2023-05-11 13:14:54,562 [WARN] PackLoader:240 - Cannot read IP mode file for wolfSSL.I-CUBE-wolfSSL.5.6.0
2023-05-11 13:14:54,573 [WARN] PackLoader:240 - Cannot read IP mode file for STMicroelectronics.X-CUBE-AZRTOS-F7.1.1.0
2023-05-11 13:14:54,610 [WARN] PackLoader:240 - Cannot read IP mode file for STMicroelectronics.X-CUBE-MEMS1.9.6.0
2023-05-11 13:14:54,611 [INFO] ApiDb:240 - Found 297 in-development CPN: [B-G473E-ZEST1S, B-WB1M-WPAN1, B-WL5M-SUBG1, NUCLEO-C031C6, NUCLEO-H503RB, NUCLEO-H563ZI, NUCLEO-U545RE-Q, NUCLEO-U5A5ZJ-Q, NUCLEO-WBA52CG, STEVAL-PROTEUS1, STEVAL-STWINBX1, STM320518-EVAL, STM32C0116-DK, STM32C011D6Y3TR, STM32C011D6Y6TR, STM32C011F4P3, STM32C011F4P6, STM32C011F4U3, STM32C011F4U6TR, STM32C011F6P3, STM32C011F6P6, STM32C011F6U3, STM32C011F6U6TR, STM32C011J4M3, STM32C011J4M6, STM32C011J6M3, STM32C011J6M6, STM32C0316-DK, STM32C031C4T3, STM32C031C4T6, STM32C031C4U3, STM32C031C4U6, STM32C031C6T3, STM32C031C6T6, STM32C031C6U3, STM32C031C6U6, STM32C031F4P3, STM32C031F4P6, STM32C031F6P3, STM32C031F6P6, STM32C031G4U3, STM32C031G4U6, STM32C031G6U3, STM32C031G6U6, STM32C031K4T3, STM32C031K4T6, STM32C031K4U3, STM32C031K4U6, STM32C031K6T3, STM32C031K6T6, STM32C031K6U3, STM32C031K6U6, STM32G071K8TXN, STM32G071K8UXN, STM32G081GBU6N, STM32G081KBT6N, STM32G081KBUXN, STM32G0B1CCT6N, STM32G0B1KCT6, STM32G0B1NEY6TR, STM32G0B1RCT6N, STM32G0C1CCT6, STM32G0C1CCT6N, STM32G0C1CCU6N, STM32G0C1CET6N, STM32G0C1CEU6N, STM32G0C1KCT6, STM32G0C1NEY6TR, STM32G0C1RCI6N, STM32G0C1RCT6N, STM32G0C1REI6N, STM32G0C1RET6N, STM32G0C1VCI6, STM32G0C1VEI6, STM32G471CCT6, STM32G471CCU6, STM32G471CET3, STM32G471CET6, STM32G471CEU3, STM32G471CEU6, STM32G471MCT6, STM32G471MET3, STM32G471MET6, STM32G471MEY6TR, STM32G471QCT6, STM32G471QET3, STM32G471RCT6, STM32G471RET3, STM32G471RET6, STM32G471VCH6, STM32G471VCI6, STM32G471VCT6, STM32G471VEH3, STM32G471VEH6, STM32G471VEI3, STM32G471VEI6, STM32G471VET3, STM32G471VET6, STM32G474CCT6, STM32H503CBT6, STM32H503CBU6, STM32H503EBY6TR, STM32H503KBU6, STM32H503RBT6, STM32H562AGI6, STM32H562AII6, STM32H562IGK6, STM32H562IGT6, STM32H562IIK6, STM32H562IIT6, STM32H562RGT6, STM32H562RGV6, STM32H562RIT6, STM32H562RIV6, STM32H562VGT6, STM32H562VIT6, STM32H562ZGT6, STM32H562ZIT6, STM32H563AGI6, STM32H563AII3Q, STM32H563AII6, STM32H563IGK6, STM32H563IGT6, STM32H563IIK3Q, STM32H563IIK6, STM32H563IIT3Q, STM32H563IIT6, STM32H563MIY3QTR, STM32H563RGT6, STM32H563RGV6, STM32H563RIT6, STM32H563RIV6, STM32H563VGT6, STM32H563VIT3Q, STM32H563VIT6, STM32H563ZGT6, STM32H563ZIT3Q, STM32H563ZIT6, STM32H573AII3Q, STM32H573AII6, STM32H573I-DK, STM32H573IIK3Q, STM32H573IIK6, STM32H573IIT3Q, STM32H573IIT6, STM32H573MIY3QTR, STM32H573RIT6, STM32H573RIV6, STM32H573VIT3Q, STM32H573VIT6, STM32H573ZIT3Q, STM32H573ZIT6, STM32L4R5QGI6STR, STM32MP131AAE3, STM32MP131AAF3, STM32MP131AAG3, STM32MP131CAE3, STM32MP131CAF3, STM32MP131CAG3, STM32MP131DAE7, STM32MP131DAF7, STM32MP131DAG7, STM32MP131FAE7, STM32MP131FAF7, STM32MP131FAG7, STM32MP133AAE3, STM32MP133AAF3, STM32MP133AAG3, STM32MP133CAE3, STM32MP133CAF3, STM32MP133CAG3, STM32MP133DAE7, STM32MP133DAF7, STM32MP133DAG7, STM32MP133FAE7, STM32MP133FAF7, STM32MP133FAG7, STM32MP135AAE3, STM32MP135AAF3, STM32MP135AAG3, STM32MP135CAE3, STM32MP135CAF3, STM32MP135CAG3, STM32MP135DAE7, STM32MP135DAF7, STM32MP135DAG7, STM32MP135F-DK, STM32MP135FAE7, STM32MP135FAF7, STM32MP135FAF7T, STM32MP135FAF7U, STM32MP135FAG7, STM32U535CBT6, STM32U535CBT6Q, STM32U535CBU6, STM32U535CBU6Q, STM32U535CCT6, STM32U535CCT6Q, STM32U535CCU6, STM32U535CCU6Q, STM32U535CET6, STM32U535CET6Q, STM32U535CEU6, STM32U535CEU6Q, STM32U535JEY6QTR, STM32U535NCY6QTR, STM32U535NEY6QTR, STM32U535RBI6, STM32U535RBI6Q, STM32U535RBT6, STM32U535RBT6Q, STM32U535RCI6, STM32U535RCI6Q, STM32U535RCT6, STM32U535RCT6Q, STM32U535REI6, STM32U535REI6Q, STM32U535RET6, STM32U535RET6Q, STM32U535VCI6, STM32U535VCI6Q, STM32U535VCT6, STM32U535VCT6Q, STM32U535VEI6, STM32U535VEI6Q, STM32U535VET6, STM32U535VET6Q, STM32U545CET6, STM32U545CET6Q, STM32U545CEU6, STM32U545CEU6Q, STM32U545JEY6QTR, STM32U545NEY6QTR, STM32U545REI6, STM32U545REI6Q, STM32U545RET6, STM32U545RET6Q, STM32U545VEI6, STM32U545VEI6Q, STM32U545VET6, STM32U545VET6Q, STM32U595AIH6, STM32U595AIH6Q, STM32U595AJH6, STM32U595AJH6Q, STM32U595QII6, STM32U595QII6Q, STM32U595QJI6, STM32U595QJI6Q, STM32U595RIT6, STM32U595RIT6Q, STM32U595RJT6, STM32U595RJT6Q, STM32U595VIT6, STM32U595VIT6Q, STM32U595VJT6, STM32U595VJT6Q, STM32U595ZIT6, STM32U595ZIT6Q, STM32U595ZIY6QTR, STM32U595ZJT6, STM32U595ZJT6Q, STM32U595ZJY6QTR, STM32U599BJY6QTR, STM32U599NIH6Q, STM32U599NJH6Q, STM32U599VIT6Q, STM32U599VJT6, STM32U599VJT6Q, STM32U599ZIT6Q, STM32U599ZIY6QTR, STM32U599ZJT6Q, STM32U599ZJY6QTR, STM32U5A5AJH6, STM32U5A5AJH6Q, STM32U5A5QJI6, STM32U5A5QJI6Q, STM32U5A5RJT6, STM32U5A5RJT6Q, STM32U5A5VJT6, STM32U5A5VJT6Q, STM32U5A5ZJT6, STM32U5A5ZJT6Q, STM32U5A5ZJY6QTR, STM32U5A9BJY6QTR, STM32U5A9J-DK, STM32U5A9NJH6Q, STM32U5A9VJT6Q, STM32U5A9ZJT6Q, STM32U5A9ZJY6QTR, STM32WB1MMCH6, STM32WBA52CEU6, STM32WBA52CEU6T, STM32WBA52CGU6, STM32WBA52CGU6T, STM32WL5MOCH6, STM32WL5MOCH6TR]
2023-05-11 13:14:54,615 [INFO] DbMcus:216 - Found 3775 MCUs, 3775 are supported
2023-05-11 13:14:54,617 [INFO] ApiDb:423 - Load user favorites file C:\Users\SSAFY/.stm32cubeide/favorites.mcus.txt: 2 item(s)
2023-05-11 13:14:54,617 [INFO] ApiDb:427 - User favorites MCUs=[STM32F103C8T6, STM32F103RBT6TR]
2023-05-11 13:14:54,617 [INFO] DbMcus:222 - Set 2 / 2 favorites MCUs
2023-05-11 13:14:54,713 [WARN] PackLoader:240 - Cannot read IP mode file for STMicroelectronics.X-CUBE-BLE1.6.2.4
2023-05-11 13:14:54,721 [WARN] PackLoader:240 - Cannot read IP mode file for emotas.I-CUBE-CANOPEN.1.1.3
2023-05-11 13:14:54,728 [WARN] PackLoader:240 - Cannot read IP mode file for STMicroelectronics.X-CUBE-BLEMGR.2.0.0
2023-05-11 13:14:54,743 [WARN] ConditionMgr:438 - getConditionDescription Invalid condition id : UX DEVICE CLASS RTOS Condition cause : null
2023-05-11 13:14:54,744 [WARN] ConditionMgr:438 - getConditionDescription Invalid condition id : UX DEVICE CLASS RTOS Condition cause : null
2023-05-11 13:14:54,754 [WARN] PackLoader:240 - Cannot read IP mode file for STMicroelectronics.X-CUBE-AZRTOS-H7.3.1.0
2023-05-11 13:14:54,755 [WARN] ConditionMgr:1039 - genDependencies : Invalid condition id : UX DEVICE CLASS RTOS Condition cause : null
2023-05-11 13:14:54,756 [WARN] ConditionMgr:1039 - genDependencies : Invalid condition id : UX DEVICE CLASS RTOS Condition cause : null
2023-05-11 13:14:54,756 [WARN] ConditionMgr:1039 - genDependencies : Invalid condition id : UX DEVICE CLASS RTOS Condition cause : null
2023-05-11 13:14:54,757 [WARN] ConditionMgr:1039 - genDependencies : Invalid condition id : UX DEVICE CLASS RTOS Condition cause : null
2023-05-11 13:14:54,757 [WARN] ConditionMgr:1039 - genDependencies : Invalid condition id : UX DEVICE CLASS RTOS Condition cause : null
2023-05-11 13:14:54,763 [WARN] PackLoader:240 - Cannot read IP mode file for STMicroelectronics.X-CUBE-DISPLAY.3.0.0
2023-05-11 13:14:54,769 [WARN] PackLoader:240 - Cannot read IP mode file for STMicroelectronics.X-CUBE-NFC7.1.0.0
2023-05-11 13:14:54,774 [WARN] PackLoader:240 - Cannot read IP mode file for STMicroelectronics.X-CUBE-EEPRMA1.4.1.0
2023-05-11 13:14:54,781 [WARN] PackLoader:240 - Cannot read IP mode file for WES.I-CUBE-Cesium.1.3.0
2023-05-11 13:14:54,786 [WARN] PackLoader:240 - Cannot read IP mode file for STMicroelectronics.X-CUBE-SFXS2LP1.4.0.0
2023-05-11 13:14:54,790 [WARN] PackLoader:240 - Cannot read IP mode file for STMicroelectronics.X-CUBE-BLE2.3.3.0
2023-05-11 13:14:54,794 [WARN] PackLoader:240 - Cannot read IP mode file for STMicroelectronics.X-CUBE-ISPU.1.1.0
2023-05-11 13:14:54,797 [WARN] PackLoader:240 - Cannot read IP mode file for STMicroelectronics.X-CUBE-AI.8.0.0
2023-05-11 13:14:54,800 [WARN] PackLoader:240 - Cannot read IP mode file for STMicroelectronics.X-CUBE-FREERTOS.1.0.1
2023-05-11 13:14:54,804 [WARN] PackLoader:240 - Cannot read IP mode file for STMicroelectronics.X-CUBE-TOUCHGFX.4.21.3
2023-05-11 13:14:54,807 [WARN] PackLoader:240 - Cannot read IP mode file for STMicroelectronics.X-CUBE-ALGOBUILD.1.3.0
2023-05-11 13:14:54,821 [INFO] ApiDb:423 - Load user favorites file C:\Users\SSAFY/.stm32cubeide/favorites.boards.txt: 1 item(s)
2023-05-11 13:14:54,821 [INFO] ApiDb:427 - User favorites Boards=[NUCLEO-F103RB]
2023-05-11 13:14:54,821 [INFO] DbBoards:190 - Set 1 / 1 favorites Boards
2023-05-11 13:14:54,822 [INFO] McuFinderGlobals:66 - Set McuFinderConnectedMode to true
2023-05-11 13:14:54,827 [WARN] PackLoader:240 - Cannot read IP mode file for STMicroelectronics.X-CUBE-AZRTOS-L5.1.1.0
2023-05-11 13:14:54,829 [INFO] MultiScanPanel:200 - Auto-refresh data requested => check proxy status ongoing
2023-05-11 13:14:54,831 [INFO] FinderPluginLoader:95 - Searching for filters in installed packs
2023-05-11 13:14:54,841 [WARN] PackLoader:240 - Cannot read IP mode file for STMicroelectronics.X-CUBE-AZRTOS-G0.1.1.0
2023-05-11 13:14:54,848 [WARN] PackLoader:240 - Cannot read IP mode file for STMicroelectronics.X-CUBE-SUBG2.5.0.0
2023-05-11 13:14:54,855 [WARN] PackLoader:240 - Cannot read IP mode file for STMicroelectronics.X-CUBE-NFC4.3.0.0
2023-05-11 13:14:54,863 [WARN] PackLoader:240 - Cannot read IP mode file for STMicroelectronics.X-CUBE-AZRTOS-G4.2.0.0
2023-05-11 13:14:54,869 [WARN] PackLoader:240 - Cannot read IP mode file for STMicroelectronics.X-CUBE-TOF1.3.3.0
2023-05-11 13:14:54,895 [WARN] PackLoader:240 - Cannot read IP mode file for STMicroelectronics.FP-ATR-SIGFOX1.3.2.0
2023-05-11 13:14:54,911 [WARN] PackLoader:240 - Cannot read IP mode file for STMicroelectronics.X-CUBE-AZRTOS-L4.1.0.0
2023-05-11 13:14:54,921 [WARN] PackLoader:240 - Cannot read IP mode file for STMicroelectronics.X-CUBE-AZRTOS-WL.1.0.0
2023-05-11 13:14:54,925 [WARN] PackLoader:240 - Cannot read IP mode file for portGmbH.I-Cube-SoM-uGOAL.1.1.0
2023-05-11 13:14:54,928 [WARN] PackLoader:240 - Cannot read IP mode file for STMicroelectronics.X-CUBE-ALS.1.0.1
2023-05-11 13:14:54,956 [WARN] PackLoader:240 - Cannot read IP mode file for STMicroelectronics.X-CUBE-AZRTOS-WB.1.1.0
2023-05-11 13:14:54,977 [WARN] PackLoader:240 - Cannot read IP mode file for SEGGER.I-CUBE-embOS.1.3.1
2023-05-11 13:14:54,998 [WARN] PackLoader:240 - Cannot read IP mode file for STMicroelectronics.FP-ATR-ASTRA1.2.0.0
2023-05-11 13:14:54,999 [INFO] ThirdParty:978 - Integrity check success = true
2023-05-11 13:14:54,999 [INFO] IntegrityCheckThread:100 - exiting critical section [integrity check]
2023-05-11 13:14:54,999 [INFO] IntegrityCheckThread:103 - End integrity checks thread
2023-05-11 13:14:55,775 [INFO] LoadUrlFilesThread:185 - End of LoadServerUrlFiles without Thread
2023-05-11 13:14:55,780 [INFO] DetailPanel:341 - Set advertising image to C:/Users/SSAFY/STM32Cube/Repository/\en.prom-stm32h5-mcu-finder.jpg
2023-05-11 14:11:07,483 [INFO] MainUpdater:2854 - connection check result : 10
2023-05-11 14:11:07,483 [INFO] MainUpdater:2854 - connection check result : 10
2023-05-11 14:11:07,497 [INFO] MicroXplorer:468 - Change Database Path : 
2023-05-11 14:11:07,497 [INFO] MicroXplorer:498 - Change Database Version : DB.6.0.80
2023-05-11 14:11:07,497 [WARN] ThirdParty:871 - waiting for thirdparty lock release [close project]
2023-05-11 14:11:07,497 [INFO] ThirdParty:873 - entering critical section [close project]
2023-05-11 14:11:07,498 [INFO] ThirdParty:883 - exiting critical section [close project]
2023-05-11 14:11:07,501 [INFO] PinOutPanel:1499 - setPackage(No Configuration,No Configuration)
2023-05-11 14:11:07,504 [INFO] UtilMem:75 - Begin LoadConfig() Used Memory: 406424960 Bytes (507510784)
2023-05-11 14:11:07,505 [INFO] MicroXplorer:468 - Change Database Path : 
2023-05-11 14:11:07,505 [INFO] MicroXplorer:498 - Change Database Version : DB.6.0.80
2023-05-11 14:11:07,505 [INFO] OpenFileManager:308 - Change cursor
2023-05-11 14:11:07,540 [INFO] Mcu:1937 - Initializing MCU STM32F103C8Tx STM32F103C8Tx 
2023-05-11 14:11:07,541 [INFO] Mcu:1950 - No CPN specified => set CPN to STM32F103C8T6
2023-05-11 14:11:08,186 [INFO] Context:659 - Trying to add GPIOservice into a context  which must be forbidden
2023-05-11 14:11:08,363 [INFO] ImportTextPane:194 - (OptionalMessage_ERROR) Unable to find key (Mcu.ThirdPartyNb) in loaded IOC file
2023-05-11 14:11:08,363 [INFO] ImportTextPane:194 - (OptionalMessage_ERROR) Unable to find key (Mcu.PinsNb) in loaded IOC file
2023-05-11 14:11:08,364 [INFO] ImportTextPane:194 - (OptionalMessage_ERROR) Unable to find key (Mcu.IPNb) in loaded IOC file
2023-05-11 14:11:08,504 [INFO] RtosManager:555 - Registered RTOS mode: class=CMSIS, group=RTOS, mode=CMSIS_V1, owner=FREERTOS
2023-05-11 14:11:08,505 [INFO] RtosManager:555 - Registered RTOS mode: class=CMSIS, group=RTOS2, mode=CMSIS_V2, owner=FREERTOS
2023-05-11 14:11:08,505 [INFO] RtosManager:555 - Registered RTOS mode: class=RTOS, group=Core, mode=CMSIS_V1, owner=FREERTOS
2023-05-11 14:11:08,505 [INFO] RtosManager:555 - Registered RTOS mode: class=RTOS, group=Core, mode=CMSIS_V2, owner=FREERTOS
2023-05-11 14:11:08,505 [WARN] ModelIntegratedComponent:184 - Missing modes for component STMicroelectronics:FreeRTOS:0.0.1:STMicroelectronics:RTOS:FreeRTOS:Core:::10.2.0:
2023-05-11 14:11:08,514 [WARN] ModelIntegratedComponent:63 - No mode defined for component null
2023-05-11 14:11:08,514 [WARN] ModelIntegratedComponent:63 - No mode defined for component null
2023-05-11 14:11:08,514 [WARN] ModelIntegratedComponent:63 - No mode defined for component null
2023-05-11 14:11:08,514 [WARN] ModelIntegratedComponent:63 - No mode defined for component null
2023-05-11 14:11:08,514 [WARN] ModelIntegratedComponent:63 - No mode defined for component null
2023-05-11 14:11:08,514 [WARN] ModelIntegratedComponent:63 - No mode defined for component null
2023-05-11 14:11:08,514 [WARN] ModelIntegratedComponent:63 - No mode defined for component null
2023-05-11 14:11:08,514 [WARN] ModelIntegratedComponent:63 - No mode defined for component null
2023-05-11 14:11:08,514 [WARN] ModelIntegratedComponent:63 - No mode defined for component null
2023-05-11 14:11:08,514 [WARN] ModelIntegratedComponent:63 - No mode defined for component null
2023-05-11 14:11:08,514 [WARN] ModelIntegratedComponent:63 - No mode defined for component null
2023-05-11 14:11:08,514 [WARN] ModelIntegratedComponent:63 - No mode defined for component null
2023-05-11 14:11:08,514 [WARN] ModelIntegratedComponent:63 - No mode defined for component null
2023-05-11 14:11:08,514 [WARN] ModelIntegratedComponent:63 - No mode defined for component null
2023-05-11 14:11:08,514 [WARN] ModelIntegratedComponent:63 - No mode defined for component null
2023-05-11 14:11:08,514 [WARN] ModelIntegratedComponent:63 - No mode defined for component null
2023-05-11 14:11:08,514 [WARN] ModelIntegratedComponent:63 - No mode defined for component null
2023-05-11 14:11:08,514 [WARN] ModelIntegratedComponent:63 - No mode defined for component null
2023-05-11 14:11:08,514 [WARN] ModelIntegratedComponent:63 - No mode defined for component null
2023-05-11 14:11:08,514 [WARN] ModelIntegratedComponent:63 - No mode defined for component null
2023-05-11 14:11:08,514 [WARN] ModelIntegratedComponent:63 - No mode defined for component null
2023-05-11 14:11:08,514 [WARN] ModelIntegratedComponent:63 - No mode defined for component null
2023-05-11 14:11:08,514 [WARN] ModelIntegratedComponent:63 - No mode defined for component null
2023-05-11 14:11:08,514 [WARN] ModelIntegratedComponent:63 - No mode defined for component null
2023-05-11 14:11:08,514 [WARN] ModelIntegratedComponent:63 - No mode defined for component null
2023-05-11 14:11:08,514 [WARN] ModelIntegratedComponent:63 - No mode defined for component null
2023-05-11 14:11:08,515 [WARN] ModelIntegratedComponent:63 - No mode defined for component null
2023-05-11 14:11:08,515 [WARN] ModelIntegratedComponent:63 - No mode defined for component null
2023-05-11 14:11:08,515 [WARN] ModelIntegratedComponent:63 - No mode defined for component null
2023-05-11 14:11:08,515 [WARN] ModelIntegratedComponent:63 - No mode defined for component null
2023-05-11 14:11:08,515 [WARN] ModelIntegratedComponent:63 - No mode defined for component null
2023-05-11 14:11:08,515 [WARN] ModelIntegratedComponent:63 - No mode defined for component null
2023-05-11 14:11:08,515 [WARN] ModelIntegratedComponent:63 - No mode defined for component null
2023-05-11 14:11:08,529 [INFO] ThirdPartyModel:298 - Start build external matchings
2023-05-11 14:11:08,725 [INFO] ThirdPartyModel:316 - End build external matchings
2023-05-11 14:11:08,877 [INFO] UtilMem:75 - End LoadConfig() Used Memory: 414736072 Bytes (507510784)
2023-05-11 14:11:08,890 [WARN] ThirdParty:833 - waiting for thirdparty lock release [change project]
2023-05-11 14:11:08,890 [INFO] ThirdParty:835 - entering critical section [change project]
2023-05-11 14:11:08,891 [INFO] ThirdParty:1030 - CMSIS Pack Vendor :STMicroelectronics X-CUBE-ISPU 1.1.0
2023-05-11 14:11:08,891 [INFO] ThirdParty:1030 - CMSIS Pack Vendor :STMicroelectronics X-CUBE-GNSS1 6.0.0
2023-05-11 14:11:08,891 [INFO] ThirdParty:1030 - CMSIS Pack Vendor :STMicroelectronics USB_HOST 2.0.0
2023-05-11 14:11:08,891 [INFO] ThirdParty:1030 - CMSIS Pack Vendor :STMicroelectronics X-CUBE-AZRTOS-F4 1.1.0
2023-05-11 14:11:08,891 [INFO] ThirdParty:1030 - CMSIS Pack Vendor :STMicroelectronics LIBJPEG 8.0.0
2023-05-11 14:11:08,891 [INFO] ThirdParty:1030 - CMSIS Pack Vendor :STMicroelectronics X-CUBE-SMBUS 2.1.0
2023-05-11 14:11:08,891 [INFO] ThirdParty:1030 - CMSIS Pack Vendor :wolfSSL I-CUBE-wolfSSL 5.6.0
2023-05-11 14:11:08,891 [INFO] ThirdParty:1030 - CMSIS Pack Vendor :STMicroelectronics USB_DEVICE 3.0.0
2023-05-11 14:11:08,891 [INFO] ThirdParty:1030 - CMSIS Pack Vendor :STMicroelectronics X-CUBE-AI 8.0.0
2023-05-11 14:11:08,891 [INFO] ThirdParty:1030 - CMSIS Pack Vendor :STMicroelectronics X-CUBE-FREERTOS 1.0.1
2023-05-11 14:11:08,891 [INFO] ThirdParty:1030 - CMSIS Pack Vendor :STMicroelectronics X-CUBE-TOUCHGFX 4.21.3
2023-05-11 14:11:08,891 [INFO] ThirdParty:1030 - CMSIS Pack Vendor :STMicroelectronics X-CUBE-AZRTOS-F7 1.1.0
2023-05-11 14:11:08,891 [INFO] ThirdParty:1030 - CMSIS Pack Vendor :STMicroelectronics USB_DEVICE 2.0.0
2023-05-11 14:11:08,891 [INFO] ThirdParty:1030 - CMSIS Pack Vendor :STMicroelectronics X-CUBE-MEMS1 9.6.0
2023-05-11 14:11:08,891 [INFO] ThirdParty:1030 - CMSIS Pack Vendor :STMicroelectronics X-CUBE-ALGOBUILD 1.3.0
2023-05-11 14:11:08,891 [INFO] ThirdParty:1030 - CMSIS Pack Vendor :STMicroelectronics X-CUBE-BLE1 6.2.4
2023-05-11 14:11:08,891 [INFO] ThirdParty:1030 - CMSIS Pack Vendor :STMicroelectronics X-CUBE-AZRTOS-L5 1.1.0
2023-05-11 14:11:08,891 [INFO] ThirdParty:1030 - CMSIS Pack Vendor :STMicroelectronics FreeRTOS 0.0.1
2023-05-11 14:11:08,891 [INFO] ThirdParty:1030 - CMSIS Pack Vendor :emotas I-CUBE-CANOPEN 1.1.3
2023-05-11 14:11:08,891 [INFO] ThirdParty:1030 - CMSIS Pack Vendor :STMicroelectronics X-CUBE-AZRTOS-G0 1.1.0
2023-05-11 14:11:08,891 [INFO] ThirdParty:1030 - CMSIS Pack Vendor :STMicroelectronics X-CUBE-BLEMGR 2.0.0
2023-05-11 14:11:08,891 [INFO] ThirdParty:1030 - CMSIS Pack Vendor :STMicroelectronics X-CUBE-SUBG2 5.0.0
2023-05-11 14:11:08,891 [INFO] ThirdParty:1030 - CMSIS Pack Vendor :STMicroelectronics X-CUBE-NFC4 3.0.0
2023-05-11 14:11:08,891 [INFO] ThirdParty:1030 - CMSIS Pack Vendor :STMicroelectronics STM32_WPAN 1.0.0
2023-05-11 14:11:08,891 [INFO] ThirdParty:1030 - CMSIS Pack Vendor :STMicroelectronics lwIP 2.0.3
2023-05-11 14:11:08,891 [INFO] ThirdParty:1030 - CMSIS Pack Vendor :STMicroelectronics USB_HOST 1.0.0
2023-05-11 14:11:08,892 [INFO] ThirdParty:1030 - CMSIS Pack Vendor :STMicroelectronics X-CUBE-AZRTOS-G4 2.0.0
2023-05-11 14:11:08,892 [INFO] ThirdParty:1030 - CMSIS Pack Vendor :STMicroelectronics PDM2PCM 3.1.0
2023-05-11 14:11:08,892 [INFO] ThirdParty:1030 - CMSIS Pack Vendor :STMicroelectronics X-CUBE-AZRTOS-H7 3.1.0
2023-05-11 14:11:08,892 [INFO] ThirdParty:1030 - CMSIS Pack Vendor :STMicroelectronics X-CUBE-TOF1 3.3.0
2023-05-11 14:11:08,892 [INFO] ThirdParty:1030 - CMSIS Pack Vendor :STMicroelectronics PDM2PCM 3.3.0
2023-05-11 14:11:08,892 [INFO] ThirdParty:1030 - CMSIS Pack Vendor :STMicroelectronics X-CUBE-DISPLAY 3.0.0
2023-05-11 14:11:08,892 [INFO] ThirdParty:1030 - CMSIS Pack Vendor :STMicroelectronics FP-ATR-SIGFOX1 3.2.0
2023-05-11 14:11:08,892 [INFO] ThirdParty:1030 - CMSIS Pack Vendor :STMicroelectronics X-CUBE-AZRTOS-L4 1.0.0
2023-05-11 14:11:08,892 [INFO] ThirdParty:1030 - CMSIS Pack Vendor :STMicroelectronics HAL Drivers 0.0.0
2023-05-11 14:11:08,892 [INFO] ThirdParty:1030 - CMSIS Pack Vendor :STMicroelectronics MBEDTLS 2.16.2
2023-05-11 14:11:08,892 [INFO] ThirdParty:1030 - CMSIS Pack Vendor :STMicroelectronics MBEDTLS 2.14.1
2023-05-11 14:11:08,892 [INFO] ThirdParty:1030 - CMSIS Pack Vendor :STMicroelectronics X-CUBE-NFC7 1.0.0
2023-05-11 14:11:08,892 [INFO] ThirdParty:1030 - CMSIS Pack Vendor :STMicroelectronics X-CUBE-AZRTOS-WL 1.0.0
2023-05-11 14:11:08,892 [INFO] ThirdParty:1030 - CMSIS Pack Vendor :STMicroelectronics X-CUBE-EEPRMA1 4.1.0
2023-05-11 14:11:08,892 [INFO] ThirdParty:1030 - CMSIS Pack Vendor :portGmbH I-Cube-SoM-uGOAL 1.1.0
2023-05-11 14:11:08,892 [INFO] ThirdParty:1030 - CMSIS Pack Vendor :STMicroelectronics X-CUBE-ALS 1.0.1
2023-05-11 14:11:08,892 [INFO] ThirdParty:1030 - CMSIS Pack Vendor :STMicroelectronics ThreadX 1.0.0
2023-05-11 14:11:08,892 [INFO] ThirdParty:1030 - CMSIS Pack Vendor :STMicroelectronics X-CUBE-AZRTOS-WB 1.1.0
2023-05-11 14:11:08,892 [INFO] ThirdParty:1030 - CMSIS Pack Vendor :SEGGER I-CUBE-embOS 1.3.1
2023-05-11 14:11:08,892 [INFO] ThirdParty:1030 - CMSIS Pack Vendor :STMicroelectronics USB_DEVICE 1.0.0
2023-05-11 14:11:08,892 [INFO] ThirdParty:1030 - CMSIS Pack Vendor :STMicroelectronics ThreadX 0.0.2
2023-05-11 14:11:08,892 [INFO] ThirdParty:1030 - CMSIS Pack Vendor :WES I-CUBE-Cesium 1.3.0
2023-05-11 14:11:08,892 [INFO] ThirdParty:1030 - CMSIS Pack Vendor :STMicroelectronics FP-ATR-ASTRA1 2.0.0
2023-05-11 14:11:08,892 [INFO] ThirdParty:1030 - CMSIS Pack Vendor :STMicroelectronics lwIP 2.1.2
2023-05-11 14:11:08,892 [INFO] ThirdParty:1030 - CMSIS Pack Vendor :STMicroelectronics X-CUBE-SFXS2LP1 4.0.0
2023-05-11 14:11:08,892 [INFO] ThirdParty:1030 - CMSIS Pack Vendor :STMicroelectronics X-CUBE-BLE2 3.3.0
2023-05-11 14:11:08,893 [INFO] ThirdParty:1030 - CMSIS Pack Vendor :STMicroelectronics PDM2PCM 3.2.0
2023-05-11 14:11:08,893 [INFO] ThirdParty:841 - exiting critical section [change project]
2023-05-11 14:11:09,082 [INFO] PinOutPanel:1499 - setPackage(No Configuration,No Configuration)
2023-05-11 14:11:09,084 [INFO] PinOutPanel:1499 - setPackage(STM32F103C8Tx,LQFP48)
2023-05-11 14:11:09,401 [INFO] UtilMem:75 - Before build in PCC Used Memory: 449732992 Bytes (537919488)
2023-05-11 14:11:09,918 [INFO] UtilMem:75 - After build in PCC Used Memory: 448011648 Bytes (537919488)
2023-05-11 14:11:09,933 [INFO] IPUIPlugin:80 - create IPUIPlugin
2023-05-11 14:11:09,933 [INFO] IPUIPlugin:80 - create IPUIPlugin
2023-05-11 14:11:09,933 [INFO] IPUIPlugin:80 - create IPUIPlugin
2023-05-11 14:11:09,934 [INFO] IPUIPlugin:80 - create IPUIPlugin
2023-05-11 14:11:09,934 [INFO] IPUIPlugin:80 - create IPUIPlugin
2023-05-11 14:11:09,934 [INFO] IPUIPlugin:80 - create IPUIPlugin
2023-05-11 14:11:09,934 [INFO] IPUIPlugin:80 - create IPUIPlugin
2023-05-11 14:11:09,934 [INFO] IPUIPlugin:80 - create IPUIPlugin
2023-05-11 14:11:09,934 [INFO] IPUIPlugin:80 - create IPUIPlugin
2023-05-11 14:11:09,934 [INFO] IPUIPlugin:80 - create IPUIPlugin
2023-05-11 14:11:09,934 [INFO] IPUIPlugin:80 - create IPUIPlugin
2023-05-11 14:11:09,935 [INFO] IPUIPlugin:80 - create IPUIPlugin
2023-05-11 14:11:09,935 [INFO] IPUIPlugin:80 - create IPUIPlugin
2023-05-11 14:11:09,935 [INFO] IPUIPlugin:80 - create IPUIPlugin
2023-05-11 14:11:09,935 [INFO] IPUIPlugin:80 - create IPUIPlugin
2023-05-11 14:11:09,935 [INFO] IPUIPlugin:80 - create IPUIPlugin
2023-05-11 14:11:09,936 [INFO] IPUIPlugin:80 - create IPUIPlugin
2023-05-11 14:11:09,936 [INFO] IPUIPlugin:80 - create IPUIPlugin
2023-05-11 14:11:09,936 [INFO] IPUIPlugin:80 - create IPUIPlugin
2023-05-11 14:11:09,936 [INFO] IPUIPlugin:80 - create IPUIPlugin
2023-05-11 14:11:09,936 [INFO] IPUIPlugin:80 - create IPUIPlugin
2023-05-11 14:11:09,937 [INFO] IPUIPlugin:80 - create IPUIPlugin
2023-05-11 14:11:09,937 [INFO] IPUIPlugin:80 - create IPUIPlugin
2023-05-11 14:11:09,937 [INFO] IPUIPlugin:80 - create IPUIPlugin
2023-05-11 14:11:09,937 [INFO] IPUIPlugin:80 - create IPUIPlugin
2023-05-11 14:11:09,938 [INFO] IPUIPlugin:80 - create IPUIPlugin
2023-05-11 14:11:09,938 [INFO] IPUIPlugin:80 - create IPUIPlugin
2023-05-11 14:11:10,094 [INFO] CADModel:165 - CPN selected for project levelSTM32F103C8T6
2023-05-11 14:11:10,094 [INFO] CADModel:114 - Register for checkConnection events
2023-05-11 14:11:10,143 [INFO] OpenFileManager:328 - Restore cursor
2023-05-11 14:11:10,543 [INFO] UtilMem:75 - End SaveConfig() Used Memory: 442911920 Bytes (537919488)
2023-05-11 14:11:10,618 [INFO] UtilMem:75 - End SaveConfig() Used Memory: 453919920 Bytes (537919488)
2023-05-11 14:11:10,999 [INFO] BlockDiagram:2759 - set Specific Code input for plugin: NVIC
2023-05-11 14:11:10,999 [INFO] BlockDiagram:2759 - set Specific Code input for plugin: RCC
2023-05-11 14:11:11,001 [INFO] CodeGenerator:793 - code generatio: config db path: C:\ST\STM32CubeIDE_1.12.0\STM32CubeIDE\plugins\com.st.stm32cube.common.mx_6.8.0.202302231600\\db\
2023-05-11 14:11:11,333 [INFO] CodeEngine:255 - oldGeneratedFile, C:\Users\SSAFY\Downloads\STM32F103\stm32\MXTmpFiles\license.tmp_save
2023-05-11 14:11:11,621 [INFO] CodeEngine:279 - Generated code: C:\Users\SSAFY\Downloads\STM32F103\stm32\MXTmpFiles\license.tmp
2023-05-11 14:11:11,634 [INFO] CodeEngine:255 - oldGeneratedFile, C:\Users\SSAFY\Downloads\STM32F103\stm32\Core\Src\stm32f1xx_it.c_save
2023-05-11 14:11:11,734 [INFO] CodeEngine:279 - Generated code: C:\Users\SSAFY\Downloads\STM32F103\stm32\Core\Src\stm32f1xx_it.c
2023-05-11 14:11:11,739 [INFO] CodeEngine:255 - oldGeneratedFile, C:\Users\SSAFY\Downloads\STM32F103\stm32\Core\Inc\stm32f1xx_it.h_save
2023-05-11 14:11:11,817 [INFO] CodeEngine:279 - Generated code: C:\Users\SSAFY\Downloads\STM32F103\stm32\Core\Inc\stm32f1xx_it.h
2023-05-11 14:11:11,906 [INFO] CodeEngine:255 - oldGeneratedFile, C:\Users\SSAFY\Downloads\STM32F103\stm32\Core\Src\stm32f1xx_hal_msp.c_save
2023-05-11 14:11:12,039 [INFO] CodeEngine:279 - Generated code: C:\Users\SSAFY\Downloads\STM32F103\stm32\Core\Src\stm32f1xx_hal_msp.c
2023-05-11 14:11:12,047 [INFO] CodeEngine:255 - oldGeneratedFile, C:\Users\SSAFY\Downloads\STM32F103\stm32\MXTmpFiles\system.tmp_save
2023-05-11 14:11:12,114 [INFO] CodeEngine:279 - Generated code: C:\Users\SSAFY\Downloads\STM32F103\stm32\MXTmpFiles\system.tmp
2023-05-11 14:11:12,128 [INFO] CodeEngine:311 - oldGeneratedFile, C:\Users\SSAFY\Downloads\STM32F103\stm32\Core\Inc\stm32f1xx_hal_conf.h_save
2023-05-11 14:11:12,213 [INFO] CodeEngine:335 - Generated code: C:\Users\SSAFY\Downloads\STM32F103\stm32\Core\Inc\stm32f1xx_hal_conf.h
2023-05-11 14:11:12,249 [INFO] CodeEngine:255 - oldGeneratedFile, C:\Users\SSAFY\Downloads\STM32F103\stm32\Core\Inc\main.h_save
2023-05-11 14:11:12,332 [INFO] CodeEngine:279 - Generated code: C:\Users\SSAFY\Downloads\STM32F103\stm32\Core\Inc\main.h
2023-05-11 14:11:12,341 [INFO] CodeEngine:255 - oldGeneratedFile, C:\Users\SSAFY\Downloads\STM32F103\stm32\Core\Src\main.c_save
2023-05-11 14:11:12,450 [INFO] CodeEngine:279 - Generated code: C:\Users\SSAFY\Downloads\STM32F103\stm32\Core\Src\main.c
2023-05-11 14:11:13,390 [INFO] ProjectBuilder:2996 - Time for Copy HAL[1] : 348mS.
2023-05-11 14:11:13,404 [INFO] ProjectBuilder:4304 - Project Generator version: 3.19.2
2023-05-11 14:11:13,735 [INFO] ConfigFileManager:1483 - The Die is : DIE410
2023-05-11 14:11:13,752 [INFO] ApiDbMcu:507 - Load IP Config File for FATFS
2023-05-11 14:11:13,801 [INFO] ApiDbMcu:507 - Load IP Config File for FREERTOS
2023-05-11 14:11:13,820 [INFO] ApiDbMcu:507 - Load IP Config File for USB_DEVICE
2023-05-11 14:11:14,550 [INFO] LogOutputStream:77 - [STDOUT_REDIRECT] 
2023-05-11 14:11:16,048 [INFO] ProjectBuilder:4505 - Time for Generating toolchain IDE Files: 2644mS.
2023-05-11 14:11:16,049 [INFO] ProjectBuilder:2867 - Time for Copy CMSIS : 0mS.
2023-05-11 14:11:16,051 [INFO] ProjectBuilder:2867 - Time for Copy CMSIS : 0mS.
2023-05-11 14:11:16,819 [INFO] McuFinderGlobals:66 - Set McuFinderConnectedMode to true
2023-05-11 14:11:16,821 [INFO] ApiDb:448 - Save user favorites file C:\Users\SSAFY/.stm32cubeide/favorites.mcus.txt: 2 item(s)
2023-05-11 14:11:16,821 [INFO] ApiDb:452 - User favorites MCUs=[STM32F103C8T6, STM32F103RBT6TR]
2023-05-11 14:14:34,783 [INFO] Can:71 - Can Add PropertyChangeListener com.st.microxplorer.plugins.ip.can.Can@44d7d32c
2023-05-11 14:16:36,454 [INFO] NvicIntPanel:101 - NVIC parent = com.st.microxplorer.plugins.ip.nvic.MultiNvicIntPanel[,0,0,0x0,invalid,layout=javax.swing.BoxLayout,alignmentX=0.0,alignmentY=0.0,border=,flags=9,maximumSize=,minimumSize=,preferredSize=]
2023-05-11 14:16:36,489 [INFO] NvicIntPanel:101 - NVIC parent = com.st.microxplorer.plugins.ip.nvic.MultiNvicIntPanel[,0,0,0x0,invalid,layout=javax.swing.BoxLayout,alignmentX=0.0,alignmentY=0.0,border=,flags=9,maximumSize=,minimumSize=,preferredSize=]
2023-05-11 14:16:55,741 [INFO] NvicIntPanel:101 - NVIC parent = com.st.microxplorer.plugins.ip.nvic.MultiNvicIntPanel[,0,0,0x0,invalid,layout=javax.swing.BoxLayout,alignmentX=0.0,alignmentY=0.0,border=,flags=9,maximumSize=,minimumSize=,preferredSize=]
2023-05-11 14:20:17,223 [INFO] NvicIntPanel:101 - NVIC parent = com.st.microxplorer.plugins.ip.nvic.MultiNvicIntPanel[,0,0,0x0,invalid,layout=javax.swing.BoxLayout,alignmentX=0.0,alignmentY=0.0,border=,flags=9,maximumSize=,minimumSize=,preferredSize=]
2023-05-11 14:20:21,527 [INFO] NvicIntPanel:101 - NVIC parent = com.st.microxplorer.plugins.ip.nvic.MultiNvicIntPanel[,0,0,0x0,invalid,layout=javax.swing.BoxLayout,alignmentX=0.0,alignmentY=0.0,border=,flags=9,maximumSize=,minimumSize=,preferredSize=]
2023-05-11 14:20:31,828 [INFO] UtilMem:75 - End SaveConfig() Used Memory: 471520168 Bytes (962592768)
2023-05-11 14:20:33,253 [INFO] UtilMem:75 - End SaveConfig() Used Memory: 487432144 Bytes (962592768)
2023-05-11 14:20:35,618 [INFO] UtilMem:75 - End SaveConfig() Used Memory: 546491288 Bytes (962592768)
2023-05-11 14:20:35,796 [INFO] BlockDiagram:2759 - set Specific Code input for plugin: NVIC
2023-05-11 14:20:35,796 [INFO] BlockDiagram:2759 - set Specific Code input for plugin: SYS
2023-05-11 14:20:35,796 [INFO] BlockDiagram:2759 - set Specific Code input for plugin: GPIO
2023-05-11 14:20:35,796 [INFO] BlockDiagram:2759 - set Specific Code input for plugin: CAN
2023-05-11 14:20:35,797 [INFO] BlockDiagram:2759 - set Specific Code input for plugin: RCC
2023-05-11 14:20:35,798 [INFO] CodeGenerator:793 - code generatio: config db path: C:\ST\STM32CubeIDE_1.12.0\STM32CubeIDE\plugins\com.st.stm32cube.common.mx_6.8.0.202302231600\\db\
2023-05-11 14:20:35,975 [INFO] CodeEngine:255 - oldGeneratedFile, C:\Users\SSAFY\Downloads\STM32F103\stm32\MXTmpFiles\license.tmp_save
2023-05-11 14:20:36,042 [INFO] CodeEngine:279 - Generated code: C:\Users\SSAFY\Downloads\STM32F103\stm32\MXTmpFiles\license.tmp
2023-05-11 14:20:36,080 [INFO] CodeEngine:255 - oldGeneratedFile, C:\Users\SSAFY\Downloads\STM32F103\stm32\MXTmpFiles\gpio.tmp_save
2023-05-11 14:20:36,136 [INFO] CodeEngine:279 - Generated code: C:\Users\SSAFY\Downloads\STM32F103\stm32\MXTmpFiles\gpio.tmp
2023-05-11 14:20:36,168 [INFO] CodeEngine:255 - oldGeneratedFile, C:\Users\SSAFY\Downloads\STM32F103\stm32\Core\Src\stm32f1xx_it.c_save
2023-05-11 14:20:36,234 [INFO] CodeEngine:279 - Generated code: C:\Users\SSAFY\Downloads\STM32F103\stm32\Core\Src\stm32f1xx_it.c
2023-05-11 14:20:36,241 [INFO] CodeEngine:255 - oldGeneratedFile, C:\Users\SSAFY\Downloads\STM32F103\stm32\Core\Inc\stm32f1xx_it.h_save
2023-05-11 14:20:36,290 [INFO] CodeEngine:279 - Generated code: C:\Users\SSAFY\Downloads\STM32F103\stm32\Core\Inc\stm32f1xx_it.h
2023-05-11 14:20:36,302 [INFO] CodeEngine:255 - oldGeneratedFile, C:\Users\SSAFY\Downloads\STM32F103\stm32\Core\Src\stm32f1xx_hal_msp.c_save
2023-05-11 14:20:36,374 [INFO] CodeEngine:279 - Generated code: C:\Users\SSAFY\Downloads\STM32F103\stm32\Core\Src\stm32f1xx_hal_msp.c
2023-05-11 14:20:36,380 [INFO] CodeEngine:255 - oldGeneratedFile, C:\Users\SSAFY\Downloads\STM32F103\stm32\MXTmpFiles\system.tmp_save
2023-05-11 14:20:36,426 [INFO] CodeEngine:279 - Generated code: C:\Users\SSAFY\Downloads\STM32F103\stm32\MXTmpFiles\system.tmp
2023-05-11 14:20:36,442 [INFO] CodeEngine:311 - oldGeneratedFile, C:\Users\SSAFY\Downloads\STM32F103\stm32\Core\Inc\stm32f1xx_hal_conf.h_save
2023-05-11 14:20:36,526 [INFO] CodeEngine:335 - Generated code: C:\Users\SSAFY\Downloads\STM32F103\stm32\Core\Inc\stm32f1xx_hal_conf.h
2023-05-11 14:20:36,551 [INFO] CodeEngine:255 - oldGeneratedFile, C:\Users\SSAFY\Downloads\STM32F103\stm32\Core\Inc\main.h_save
2023-05-11 14:20:36,601 [INFO] CodeEngine:279 - Generated code: C:\Users\SSAFY\Downloads\STM32F103\stm32\Core\Inc\main.h
2023-05-11 14:20:36,610 [INFO] CodeEngine:255 - oldGeneratedFile, C:\Users\SSAFY\Downloads\STM32F103\stm32\Core\Src\main.c_save
2023-05-11 14:20:36,676 [INFO] CodeEngine:279 - Generated code: C:\Users\SSAFY\Downloads\STM32F103\stm32\Core\Src\main.c
2023-05-11 14:20:37,160 [INFO] ProjectBuilder:2996 - Time for Copy HAL[1] : 120mS.
2023-05-11 14:20:37,164 [INFO] ProjectBuilder:4304 - Project Generator version: 3.19.2
2023-05-11 14:20:37,475 [INFO] ConfigFileManager:1483 - The Die is : DIE410
2023-05-11 14:20:38,690 [INFO] ProjectBuilder:4505 - Time for Generating toolchain IDE Files: 1526mS.
2023-05-11 14:20:38,691 [INFO] ProjectBuilder:2867 - Time for Copy CMSIS : 1mS.
2023-05-11 14:20:38,694 [INFO] ProjectBuilder:2867 - Time for Copy CMSIS : 0mS.
