2023-05-10 10:11:24,215 [INFO] Activator:176 - 


2023-05-10 10:11:24,217 [INFO] Activator:177 - !SESSION log4j initialized
2023-05-10 10:11:25,885 [INFO] LogOutputStream:77 - [STDOUT_REDIRECT] 
2023-05-10 10:11:32,501 [INFO] ApplicationProperties:184 - Using Application install path: C:\ST\STM32CubeIDE_1.12.0\STM32CubeIDE\plugins\com.st.stm32cube.common.mx_6.8.0.202302231600
2023-05-10 10:11:32,516 [INFO] DbMcusXml:78 - Set database path to: C:\ST\STM32CubeIDE_1.12.0\STM32CubeIDE\plugins\com.st.stm32cube.common.mx_6.8.0.202302231600\\db\/mcu/
2023-05-10 10:11:32,516 [INFO] ApiDb:274 - Set plugin database path to: C:\ST\STM32CubeIDE_1.12.0\STM32CubeIDE\plugins\com.st.stm32cube.common.mx_6.8.0.202302231600\\db\/plugins/boardmanager/
2023-05-10 10:11:32,528 [WARN] ApiDb:259 - Overriding images path with different value:  => C:\ST\STM32CubeIDE_1.12.0\STM32CubeIDE\plugins\com.st.stm32cube.common.mx_6.8.0.202302231600\\db\/plugins/mcufinder/images/
2023-05-10 10:11:32,537 [INFO] ApiDb:250 - Set database path to: C:\Users\SSAFY\.stmcufinder\plugins\mcufinder//mcu/
2023-05-10 10:11:32,538 [INFO] DbMcusAds:125 - Set database path to: C:\Users\SSAFY\.stmcufinder\plugins\mcufinder//mcu/
2023-05-10 10:11:32,540 [INFO] CrossReferenceDbSqlite:203 - Set database path to: C:\Users\SSAFY\.stmcufinder\plugins\mcufinder//mcu/cs/
2023-05-10 10:11:32,647 [INFO] RulesReader:64 - Compatibility file has been processed (293 Rules)
2023-05-10 10:11:32,702 [INFO] DbMcusXml:78 - Set database path to: C:\ST\STM32CubeIDE_1.12.0\STM32CubeIDE\plugins\com.st.stm32cube.common.mx_6.8.0.202302231600\\db\/mcu/
2023-05-10 10:11:32,702 [INFO] ApiDb:274 - Set plugin database path to: C:\ST\STM32CubeIDE_1.12.0\STM32CubeIDE\plugins\com.st.stm32cube.common.mx_6.8.0.202302231600\\db\/plugins/boardmanager/
2023-05-10 10:11:32,702 [INFO] ApiDb:261 - Set plugin images path to: C:\ST\STM32CubeIDE_1.12.0\STM32CubeIDE\plugins\com.st.stm32cube.common.mx_6.8.0.202302231600\\db\/plugins/mcufinder/images/
2023-05-10 10:11:32,702 [WARN] DbFile:41 - Overriding database path with different value: C:\Users\SSAFY\.stmcufinder\plugins\mcufinder/ => C:\Users\SSAFY\.stmcufinder\plugins\mcufinder
2023-05-10 10:11:32,702 [INFO] ApiDb:250 - Set database path to: C:\Users\SSAFY\.stmcufinder\plugins\mcufinder//mcu/
2023-05-10 10:11:32,702 [WARN] DbFile:41 - Overriding database path with different value: C:\Users\SSAFY\.stmcufinder\plugins\mcufinder/ => C:\Users\SSAFY\.stmcufinder\plugins\mcufinder
2023-05-10 10:11:32,702 [INFO] DbMcusAds:125 - Set database path to: C:\Users\SSAFY\.stmcufinder\plugins\mcufinder//mcu/
2023-05-10 10:11:32,702 [WARN] DbFile:41 - Overriding database path with different value: C:\Users\SSAFY\.stmcufinder\plugins\mcufinder/ => C:\Users\SSAFY\.stmcufinder\plugins\mcufinder
2023-05-10 10:11:32,702 [WARN] DbFile:41 - Overriding database path with different value: C:\Users\SSAFY\.stmcufinder\plugins\mcufinder/ => C:\Users\SSAFY\.stmcufinder\plugins\mcufinder
2023-05-10 10:11:32,703 [INFO] CrossReferenceDbSqlite:203 - Set database path to: C:\Users\SSAFY\.stmcufinder\plugins\mcufinder//mcu/cs/
2023-05-10 10:11:32,750 [INFO] MainPanel:253 - HeapMemory: 268435456
2023-05-10 10:11:32,801 [INFO] DbMcusXml:78 - Set database path to: C:\ST\STM32CubeIDE_1.12.0\STM32CubeIDE\plugins\com.st.stm32cube.common.mx_6.8.0.202302231600\\db\/mcu/
2023-05-10 10:11:32,802 [INFO] ApiDb:274 - Set plugin database path to: C:\ST\STM32CubeIDE_1.12.0\STM32CubeIDE\plugins\com.st.stm32cube.common.mx_6.8.0.202302231600\\db\/plugins/boardmanager/
2023-05-10 10:11:32,802 [INFO] ApiDb:261 - Set plugin images path to: C:\ST\STM32CubeIDE_1.12.0\STM32CubeIDE\plugins\com.st.stm32cube.common.mx_6.8.0.202302231600\\db\/plugins/mcufinder/images/
2023-05-10 10:11:32,802 [WARN] DbFile:41 - Overriding database path with different value: C:\Users\SSAFY\.stmcufinder\plugins\mcufinder/ => C:\Users\SSAFY\.stmcufinder\plugins\mcufinder
2023-05-10 10:11:32,802 [INFO] ApiDb:250 - Set database path to: C:\Users\SSAFY\.stmcufinder\plugins\mcufinder//mcu/
2023-05-10 10:11:32,802 [WARN] DbFile:41 - Overriding database path with different value: C:\Users\SSAFY\.stmcufinder\plugins\mcufinder/ => C:\Users\SSAFY\.stmcufinder\plugins\mcufinder
2023-05-10 10:11:32,802 [INFO] DbMcusAds:125 - Set database path to: C:\Users\SSAFY\.stmcufinder\plugins\mcufinder//mcu/
2023-05-10 10:11:32,802 [WARN] DbFile:41 - Overriding database path with different value: C:\Users\SSAFY\.stmcufinder\plugins\mcufinder/ => C:\Users\SSAFY\.stmcufinder\plugins\mcufinder
2023-05-10 10:11:32,802 [WARN] DbFile:41 - Overriding database path with different value: C:\Users\SSAFY\.stmcufinder\plugins\mcufinder/ => C:\Users\SSAFY\.stmcufinder\plugins\mcufinder
2023-05-10 10:11:32,802 [INFO] CrossReferenceDbSqlite:203 - Set database path to: C:\Users\SSAFY\.stmcufinder\plugins\mcufinder//mcu/cs/
2023-05-10 10:11:32,815 [INFO] ApplicationProperties:184 - Using Application install path: C:\ST\STM32CubeIDE_1.12.0\STM32CubeIDE\plugins\com.st.stm32cube.common.mx_6.8.0.202302231600
2023-05-10 10:11:32,816 [INFO] PluginManage:196 - Search for loadable plugins [exclusion list=, ]
2023-05-10 10:11:32,817 [INFO] PluginManage:310 - Check plugin analytics
2023-05-10 10:11:32,918 [INFO] AnalyticsPlugin:253 - Accepted Software Licenses: 
2023-05-10 10:11:32,918 [INFO] AnalyticsPlugin:255 - Accepted CMSIS Pack Licenses: 
2023-05-10 10:11:32,918 [INFO] AnalyticsPlugin:257 - Accepted Firmware Licenses: 
2023-05-10 10:11:32,922 [INFO] PluginManage:359 - Loaded plugin analytics (category:tool,tabindex:-1)
2023-05-10 10:11:32,923 [INFO] PluginManage:310 - Check plugin cadmodel
2023-05-10 10:11:32,926 [INFO] CADModel:105 - Init CAD model plugin
2023-05-10 10:11:32,926 [INFO] PluginManage:359 - Loaded plugin cadmodel (category:power,tabindex:5)
2023-05-10 10:11:32,926 [INFO] PluginManage:310 - Check plugin clock
2023-05-10 10:11:32,933 [INFO] PluginManage:359 - Loaded plugin clock (category:base,tabindex:2)
2023-05-10 10:11:32,933 [INFO] PluginManage:310 - Check plugin ddr
2023-05-10 10:11:32,935 [INFO] PluginManage:359 - Loaded plugin ddr (category:tool,tabindex:6)
2023-05-10 10:11:32,935 [INFO] PluginManage:310 - Check plugin filemanager
2023-05-10 10:11:33,026 [INFO] PluginManage:359 - Loaded plugin filemanager (category:base,tabindex:10)
2023-05-10 10:11:33,026 [INFO] PluginManage:310 - Check plugin ipmanager
2023-05-10 10:11:33,033 [INFO] PluginManage:359 - Loaded plugin ipmanager (category:base,tabindex:5)
2023-05-10 10:11:33,033 [INFO] PluginManage:310 - Check plugin lpbam
2023-05-10 10:11:33,040 [INFO] PluginManage:359 - Loaded plugin lpbam (category:base,tabindex:0)
2023-05-10 10:11:33,040 [INFO] PluginManage:310 - Check plugin pinoutandconfiguration
2023-05-10 10:11:33,045 [INFO] PluginManage:359 - Loaded plugin pinoutandconfiguration (category:base,tabindex:1)
2023-05-10 10:11:33,045 [INFO] PluginManage:310 - Check plugin pinoutconfig
2023-05-10 10:11:33,101 [WARN] SupportedApi:132 - Cannot load RTOS API schema: s4s-elt-must-match.1: The content of 'definitions' must match (annotation?, (simpleType | complexType)?, (unique | key | keyref)*)). A problem was found starting at: attribute.
2023-05-10 10:11:33,183 [INFO] PluginManage:359 - Loaded plugin pinoutconfig (category:base,tabindex:0)
2023-05-10 10:11:33,183 [INFO] PluginManage:310 - Check plugin power
2023-05-10 10:11:33,188 [INFO] PluginManage:359 - Loaded plugin power (category:power,tabindex:4)
2023-05-10 10:11:33,188 [INFO] PluginManage:310 - Check plugin projectmanager
2023-05-10 10:11:33,198 [INFO] PluginManage:359 - Loaded plugin projectmanager (category:projectmanager,tabindex:3)
2023-05-10 10:11:33,198 [INFO] PluginManage:310 - Check plugin thirdparty
2023-05-10 10:11:33,273 [INFO] PluginManage:359 - Loaded plugin thirdparty (category:base,tabindex:-1)
2023-05-10 10:11:33,273 [INFO] PluginManage:310 - Check plugin tools
2023-05-10 10:11:33,273 [WARN] IntegrityCheckThread:84 - waiting for thirdparty lock release [integrity check]
2023-05-10 10:11:33,273 [INFO] IntegrityCheckThread:86 - entering critical section [integrity check]
2023-05-10 10:11:33,274 [INFO] ThirdPartyUpdaterWithRetryManager:70 - Updater plugin not ready yet. [1/15]
2023-05-10 10:11:33,275 [INFO] PluginManage:359 - Loaded plugin tools (category:base,tabindex:7)
2023-05-10 10:11:33,275 [INFO] PluginManage:310 - Check plugin tutovideos
2023-05-10 10:11:33,407 [INFO] PluginManage:359 - Loaded plugin tutovideos (category:base,tabindex:-1)
2023-05-10 10:11:33,407 [INFO] PluginManage:310 - Check plugin updater
2023-05-10 10:11:33,416 [INFO] PluginManage:359 - Loaded plugin updater (category:base,tabindex:12)
2023-05-10 10:11:33,416 [INFO] PluginManage:283 - PluginManage : Loaded plugins [15]
2023-05-10 10:11:33,569 [INFO] PinOutPanel:1499 - setPackage(No Configuration,No Configuration)
2023-05-10 10:11:33,612 [INFO] CADModel:165 - CPN selected for project level
2023-05-10 10:11:33,613 [INFO] CADModel:114 - Register for checkConnection events
2023-05-10 10:11:33,624 [INFO] IPUIPlugin:80 - create IPUIPlugin
2023-05-10 10:11:33,624 [INFO] PluginManager:220 - loadIPPluginJar : add adc
2023-05-10 10:11:33,626 [INFO] IPUIPlugin:80 - create IPUIPlugin
2023-05-10 10:11:33,626 [INFO] PluginManager:220 - loadIPPluginJar : add aes
2023-05-10 10:11:33,628 [INFO] IPUIPlugin:80 - create IPUIPlugin
2023-05-10 10:11:33,628 [INFO] PluginManager:220 - loadIPPluginJar : add can
2023-05-10 10:11:33,629 [INFO] IPUIPlugin:80 - create IPUIPlugin
2023-05-10 10:11:33,629 [INFO] PluginManager:220 - loadIPPluginJar : add comp
2023-05-10 10:11:33,630 [INFO] IPUIPlugin:80 - create IPUIPlugin
2023-05-10 10:11:33,630 [INFO] PluginManager:220 - loadIPPluginJar : add cryp
2023-05-10 10:11:33,632 [INFO] IPUIPlugin:80 - create IPUIPlugin
2023-05-10 10:11:33,632 [INFO] PluginManager:220 - loadIPPluginJar : add dfsdm
2023-05-10 10:11:33,636 [INFO] IPUIPlugin:80 - create IPUIPlugin
2023-05-10 10:11:33,636 [INFO] PluginManager:220 - loadIPPluginJar : add dma
2023-05-10 10:11:33,637 [INFO] IPUIPlugin:80 - create IPUIPlugin
2023-05-10 10:11:33,637 [INFO] PluginManager:220 - loadIPPluginJar : add dma3
2023-05-10 10:11:33,638 [INFO] IPUIPlugin:80 - create IPUIPlugin
2023-05-10 10:11:33,638 [INFO] PluginManager:220 - loadIPPluginJar : add fatfs
2023-05-10 10:11:33,641 [INFO] IPUIPlugin:80 - create IPUIPlugin
2023-05-10 10:11:33,641 [INFO] PluginManager:220 - loadIPPluginJar : add fmc
2023-05-10 10:11:33,645 [INFO] IPUIPlugin:80 - create IPUIPlugin
2023-05-10 10:11:33,645 [INFO] PluginManager:220 - loadIPPluginJar : add freertos
2023-05-10 10:11:33,646 [INFO] IPUIPlugin:80 - create IPUIPlugin
2023-05-10 10:11:33,646 [INFO] PluginManager:220 - loadIPPluginJar : add genericplugin
2023-05-10 10:11:33,647 [INFO] IPUIPlugin:80 - create IPUIPlugin
2023-05-10 10:11:33,647 [INFO] PluginManager:220 - loadIPPluginJar : add gfxmmu
2023-05-10 10:11:33,650 [INFO] IPUIPlugin:80 - create IPUIPlugin
2023-05-10 10:11:33,651 [INFO] PluginManager:220 - loadIPPluginJar : add gic
2023-05-10 10:11:33,653 [INFO] IPUIPlugin:80 - create IPUIPlugin
2023-05-10 10:11:33,653 [INFO] PluginManager:220 - loadIPPluginJar : add gpio
2023-05-10 10:11:33,655 [INFO] IPUIPlugin:80 - create IPUIPlugin
2023-05-10 10:11:33,655 [INFO] PluginManager:220 - loadIPPluginJar : add gtzc
2023-05-10 10:11:33,657 [INFO] IPUIPlugin:80 - create IPUIPlugin
2023-05-10 10:11:33,657 [INFO] PluginManager:220 - loadIPPluginJar : add hash
2023-05-10 10:11:33,658 [INFO] IPUIPlugin:80 - create IPUIPlugin
2023-05-10 10:11:33,659 [INFO] PluginManager:220 - loadIPPluginJar : add i2c
2023-05-10 10:11:33,660 [INFO] IPUIPlugin:80 - create IPUIPlugin
2023-05-10 10:11:33,660 [INFO] PluginManager:220 - loadIPPluginJar : add i2s
2023-05-10 10:11:33,662 [INFO] IPUIPlugin:80 - create IPUIPlugin
2023-05-10 10:11:33,662 [INFO] PluginManager:220 - loadIPPluginJar : add i3c
2023-05-10 10:11:33,664 [INFO] IPUIPlugin:80 - create IPUIPlugin
2023-05-10 10:11:33,664 [INFO] PluginManager:220 - loadIPPluginJar : add ipddr
2023-05-10 10:11:33,670 [INFO] IPUIPlugin:80 - create IPUIPlugin
2023-05-10 10:11:33,670 [INFO] PluginManager:220 - loadIPPluginJar : add linkedlist
2023-05-10 10:11:33,672 [INFO] IPUIPlugin:80 - create IPUIPlugin
2023-05-10 10:11:33,672 [INFO] PluginManager:220 - loadIPPluginJar : add lorawan
2023-05-10 10:11:33,673 [INFO] IPUIPlugin:80 - create IPUIPlugin
2023-05-10 10:11:33,673 [INFO] PluginManager:220 - loadIPPluginJar : add ltdc
2023-05-10 10:11:33,677 [INFO] IPUIPlugin:80 - create IPUIPlugin
2023-05-10 10:11:33,677 [INFO] PluginManager:220 - loadIPPluginJar : add mdma
2023-05-10 10:11:33,679 [INFO] IPUIPlugin:80 - create IPUIPlugin
2023-05-10 10:11:33,680 [INFO] PluginManager:220 - loadIPPluginJar : add nvic
2023-05-10 10:11:33,682 [INFO] IPUIPlugin:80 - create IPUIPlugin
2023-05-10 10:11:33,682 [INFO] PluginManager:220 - loadIPPluginJar : add opamp
2023-05-10 10:11:33,685 [INFO] IPUIPlugin:80 - create IPUIPlugin
2023-05-10 10:11:33,685 [INFO] PluginManager:220 - loadIPPluginJar : add openamp
2023-05-10 10:11:33,687 [INFO] IPUIPlugin:80 - create IPUIPlugin
2023-05-10 10:11:33,687 [INFO] PluginManager:220 - loadIPPluginJar : add pdm2pcm
2023-05-10 10:11:33,692 [INFO] IPUIPlugin:80 - create IPUIPlugin
2023-05-10 10:11:33,694 [INFO] PluginManager:220 - loadIPPluginJar : add plateformsettings
2023-05-10 10:11:33,695 [INFO] IPUIPlugin:80 - create IPUIPlugin
2023-05-10 10:11:33,695 [INFO] PluginManager:220 - loadIPPluginJar : add quadspi
2023-05-10 10:11:33,697 [INFO] IPUIPlugin:80 - create IPUIPlugin
2023-05-10 10:11:33,698 [INFO] PluginManager:220 - loadIPPluginJar : add resmgrutility
2023-05-10 10:11:33,700 [INFO] IPUIPlugin:80 - create IPUIPlugin
2023-05-10 10:11:33,700 [INFO] PluginManager:220 - loadIPPluginJar : add sai
2023-05-10 10:11:33,702 [INFO] IPUIPlugin:80 - create IPUIPlugin
2023-05-10 10:11:33,702 [INFO] PluginManager:220 - loadIPPluginJar : add spi
2023-05-10 10:11:33,705 [INFO] IPUIPlugin:80 - create IPUIPlugin
2023-05-10 10:11:33,705 [INFO] PluginManager:220 - loadIPPluginJar : add stm32_wpan
2023-05-10 10:11:33,707 [INFO] IPUIPlugin:80 - create IPUIPlugin
2023-05-10 10:11:33,707 [INFO] PluginManager:220 - loadIPPluginJar : add tim
2023-05-10 10:11:33,710 [INFO] IPUIPlugin:80 - create IPUIPlugin
2023-05-10 10:11:33,711 [INFO] PluginManager:220 - loadIPPluginJar : add touchsensing
2023-05-10 10:11:33,712 [INFO] IPUIPlugin:80 - create IPUIPlugin
2023-05-10 10:11:33,712 [INFO] PluginManager:220 - loadIPPluginJar : add tracer_emb
2023-05-10 10:11:33,714 [INFO] IPUIPlugin:80 - create IPUIPlugin
2023-05-10 10:11:33,714 [INFO] PluginManager:220 - loadIPPluginJar : add ts
2023-05-10 10:11:33,715 [INFO] IPUIPlugin:80 - create IPUIPlugin
2023-05-10 10:11:33,715 [INFO] PluginManager:220 - loadIPPluginJar : add tsc
2023-05-10 10:11:33,716 [INFO] IPUIPlugin:80 - create IPUIPlugin
2023-05-10 10:11:33,716 [INFO] PluginManager:220 - loadIPPluginJar : add ucpd
2023-05-10 10:11:33,718 [INFO] IPUIPlugin:80 - create IPUIPlugin
2023-05-10 10:11:33,718 [INFO] PluginManager:220 - loadIPPluginJar : add usart
2023-05-10 10:11:33,720 [INFO] IPUIPlugin:80 - create IPUIPlugin
2023-05-10 10:11:33,720 [INFO] PluginManager:220 - loadIPPluginJar : add usbx
2023-05-10 10:11:33,829 [INFO] CADModel:165 - CPN selected for project level
2023-05-10 10:11:33,829 [INFO] CADModel:114 - Register for checkConnection events
2023-05-10 10:11:33,829 [FATAL] Updater:308 - Updater called before beeing initialized
2023-05-10 10:11:33,829 [ERROR] CADModel:125 - Updater not yet initialized, retry later 
2023-05-10 10:11:33,912 [INFO] CADModel:165 - CPN selected for project level
2023-05-10 10:11:33,912 [INFO] CADModel:114 - Register for checkConnection events
2023-05-10 10:11:33,912 [FATAL] Updater:308 - Updater called before beeing initialized
2023-05-10 10:11:33,912 [ERROR] CADModel:125 - Updater not yet initialized, retry later 
2023-05-10 10:11:33,914 [FATAL] Updater:308 - Updater called before beeing initialized
2023-05-10 10:11:33,983 [FATAL] Updater:308 - Updater called before beeing initialized
2023-05-10 10:11:33,989 [INFO] DbMcusAds:53 - JSON generation date=Tue Mar 07 17:50:54 KST 2023 (1678179054945)
2023-05-10 10:11:33,989 [FATAL] Updater:308 - Updater called before beeing initialized
2023-05-10 10:11:34,013 [WARN] DetailPanel:346 - Failed to get advertising image, set to default
2023-05-10 10:11:34,090 [FATAL] Updater:308 - Updater called before beeing initialized
2023-05-10 10:11:34,091 [FATAL] Updater:308 - Updater called before beeing initialized
2023-05-10 10:11:34,091 [FATAL] Updater:308 - Updater called before beeing initialized
2023-05-10 10:11:34,091 [WARN] DetailPanel:346 - Failed to get advertising image, set to default
2023-05-10 10:11:34,092 [FATAL] Updater:308 - Updater called before beeing initialized
2023-05-10 10:11:34,123 [ERROR] Updater:1120 - MainUpdater not yet initialized. External WinMGr cannot be set.
2023-05-10 10:11:34,124 [INFO] Updater:1056 - Updater Version found : 6.8.0
2023-05-10 10:11:34,137 [INFO] ApplicationProperties:184 - Using Application install path: C:\ST\STM32CubeIDE_1.12.0\STM32CubeIDE\plugins\com.st.stm32cube.common.mx_6.8.0.202302231600
2023-05-10 10:11:34,617 [INFO] MainUpdater:2854 - connection check result : 10
2023-05-10 10:11:34,618 [INFO] MainUpdater:283 - Updater Check For Update Now.
2023-05-10 10:11:34,618 [INFO] MicroXplorer:498 - Change Database Version : DB.6.0.80
2023-05-10 10:11:34,772 [INFO] CheckServerUpdateThread:120 - End of CheckServer Thread
2023-05-10 10:11:34,830 [INFO] MainUpdater:2854 - connection check result : 10
2023-05-10 10:11:35,060 [INFO] ApiDb:581 - Connected to CubeFinder SQLite database (C:\Users\SSAFY\.stmcufinder\plugins\mcufinder\mcu\cube-finder-db.db)
2023-05-10 10:11:35,105 [INFO] ApiDb:668 - CubeFinder database Data Model version=2.1
2023-05-10 10:11:35,105 [INFO] ApiDb:669 - CubeFinder database Configuration version=3.0.35
2023-05-10 10:11:35,105 [INFO] ApiDb:670 - CubeFinder database generation date=2023-04-03 (1680511692)
2023-05-10 10:11:35,105 [INFO] ApiDb:671 - CubeFinder database FW Pack versions=[FP-ATR-ASTRA1_V2.0.0, STM32Cube_FW_C0_V1.0.1, STM32Cube_FW_F0_V1.11.4, STM32Cube_FW_F3_V1.11.4, STM32Cube_FW_F4_V1.27.1, STM32Cube_FW_F7_V1.17.0, STM32Cube_FW_G0_V1.6.1, STM32Cube_FW_G4_V1.5.1, STM32Cube_FW_H5_V0.5.1, STM32Cube_FW_H5_V1.0.0, STM32Cube_FW_H7_V1.11.0, STM32Cube_FW_L0_V1.12.2, STM32Cube_FW_L5_V1.5.0, STM32Cube_FW_U5_V1.2.0, STM32Cube_FW_WBA_V1.0.0, STM32Cube_FW_WBA_V1.0.0RC1, STM32Cube_FW_WBA_V1.0.0RC3, STM32Cube_FW_WB_V1.15.0RC1, STM32Cube_FW_WB_V1.16.0, STM32Cube_FW_WB_V1.16.0RC2, STM32Cube_FW_WL_V1.3.0, X-CUBE-ALGOBUILD_V1.3.0, X-CUBE-ALS_V1.0.1, X-CUBE-AZRTOS-F4_V1.1.0, X-CUBE-AZRTOS-F7_V1.1.0, X-CUBE-AZRTOS-G0_V1.1.0, X-CUBE-AZRTOS-G4_V1.0.0, X-CUBE-AZRTOS-H7_V3.0.0, X-CUBE-AZRTOS-L4_V1.0.0, X-CUBE-AZRTOS-L5_V1.1.0, X-CUBE-AZRTOS-WB_V1.1.0, X-CUBE-AZRTOS-WL_V1.0.0, X-CUBE-BLE1_V6.2.4, X-CUBE-BLE2_V3.3.0, X-CUBE-BLEMGR_V1.3.0, X-CUBE-EEPRMA1_V4.1.0, X-CUBE-FREERTOS_V1.0.1, X-CUBE-GNSS1_V6.0.0, X-CUBE-MEMS1_V9.1.0, X-CUBE-MEMS1_V9.4.0, X-CUBE-MEMS1_V9.5.0, X-CUBE-NFC4_V3.0.0, X-CUBE-NFC7_V1.0.0, X-CUBE-SFXS2LP1_V4.0.0, X-CUBE-SUBG2_V5.0.0]
2023-05-10 10:11:35,154 [INFO] DbBoardsSqlite:226 - include board P-NUCLEO-WB55-NUCLEO as a kit item of type 'Nucleo-64'
2023-05-10 10:11:35,154 [INFO] DbBoardsSqlite:226 - include board P-NUCLEO-WB55-USBDONGLE as a kit item of type 'Nucleo USB Dongle'
2023-05-10 10:11:35,155 [INFO] DbBoardsSqlite:226 - include board STEVAL-IDP005V1 as a kit item of type 'Evaluation Board'
2023-05-10 10:11:35,155 [INFO] DbBoardsSqlite:226 - include board STEVAL-IDP005V2 as a kit item of type 'Evaluation Board'
2023-05-10 10:11:35,195 [INFO] ApiDb:240 - Found 297 in-development CPN: [B-G473E-ZEST1S, B-WB1M-WPAN1, B-WL5M-SUBG1, NUCLEO-C031C6, NUCLEO-H503RB, NUCLEO-H563ZI, NUCLEO-U545RE-Q, NUCLEO-U5A5ZJ-Q, NUCLEO-WBA52CG, STEVAL-PROTEUS1, STEVAL-STWINBX1, STM320518-EVAL, STM32C0116-DK, STM32C011D6Y3TR, STM32C011D6Y6TR, STM32C011F4P3, STM32C011F4P6, STM32C011F4U3, STM32C011F4U6TR, STM32C011F6P3, STM32C011F6P6, STM32C011F6U3, STM32C011F6U6TR, STM32C011J4M3, STM32C011J4M6, STM32C011J6M3, STM32C011J6M6, STM32C0316-DK, STM32C031C4T3, STM32C031C4T6, STM32C031C4U3, STM32C031C4U6, STM32C031C6T3, STM32C031C6T6, STM32C031C6U3, STM32C031C6U6, STM32C031F4P3, STM32C031F4P6, STM32C031F6P3, STM32C031F6P6, STM32C031G4U3, STM32C031G4U6, STM32C031G6U3, STM32C031G6U6, STM32C031K4T3, STM32C031K4T6, STM32C031K4U3, STM32C031K4U6, STM32C031K6T3, STM32C031K6T6, STM32C031K6U3, STM32C031K6U6, STM32G071K8TXN, STM32G071K8UXN, STM32G081GBU6N, STM32G081KBT6N, STM32G081KBUXN, STM32G0B1CCT6N, STM32G0B1KCT6, STM32G0B1NEY6TR, STM32G0B1RCT6N, STM32G0C1CCT6, STM32G0C1CCT6N, STM32G0C1CCU6N, STM32G0C1CET6N, STM32G0C1CEU6N, STM32G0C1KCT6, STM32G0C1NEY6TR, STM32G0C1RCI6N, STM32G0C1RCT6N, STM32G0C1REI6N, STM32G0C1RET6N, STM32G0C1VCI6, STM32G0C1VEI6, STM32G471CCT6, STM32G471CCU6, STM32G471CET3, STM32G471CET6, STM32G471CEU3, STM32G471CEU6, STM32G471MCT6, STM32G471MET3, STM32G471MET6, STM32G471MEY6TR, STM32G471QCT6, STM32G471QET3, STM32G471RCT6, STM32G471RET3, STM32G471RET6, STM32G471VCH6, STM32G471VCI6, STM32G471VCT6, STM32G471VEH3, STM32G471VEH6, STM32G471VEI3, STM32G471VEI6, STM32G471VET3, STM32G471VET6, STM32G474CCT6, STM32H503CBT6, STM32H503CBU6, STM32H503EBY6TR, STM32H503KBU6, STM32H503RBT6, STM32H562AGI6, STM32H562AII6, STM32H562IGK6, STM32H562IGT6, STM32H562IIK6, STM32H562IIT6, STM32H562RGT6, STM32H562RGV6, STM32H562RIT6, STM32H562RIV6, STM32H562VGT6, STM32H562VIT6, STM32H562ZGT6, STM32H562ZIT6, STM32H563AGI6, STM32H563AII3Q, STM32H563AII6, STM32H563IGK6, STM32H563IGT6, STM32H563IIK3Q, STM32H563IIK6, STM32H563IIT3Q, STM32H563IIT6, STM32H563MIY3QTR, STM32H563RGT6, STM32H563RGV6, STM32H563RIT6, STM32H563RIV6, STM32H563VGT6, STM32H563VIT3Q, STM32H563VIT6, STM32H563ZGT6, STM32H563ZIT3Q, STM32H563ZIT6, STM32H573AII3Q, STM32H573AII6, STM32H573I-DK, STM32H573IIK3Q, STM32H573IIK6, STM32H573IIT3Q, STM32H573IIT6, STM32H573MIY3QTR, STM32H573RIT6, STM32H573RIV6, STM32H573VIT3Q, STM32H573VIT6, STM32H573ZIT3Q, STM32H573ZIT6, STM32L4R5QGI6STR, STM32MP131AAE3, STM32MP131AAF3, STM32MP131AAG3, STM32MP131CAE3, STM32MP131CAF3, STM32MP131CAG3, STM32MP131DAE7, STM32MP131DAF7, STM32MP131DAG7, STM32MP131FAE7, STM32MP131FAF7, STM32MP131FAG7, STM32MP133AAE3, STM32MP133AAF3, STM32MP133AAG3, STM32MP133CAE3, STM32MP133CAF3, STM32MP133CAG3, STM32MP133DAE7, STM32MP133DAF7, STM32MP133DAG7, STM32MP133FAE7, STM32MP133FAF7, STM32MP133FAG7, STM32MP135AAE3, STM32MP135AAF3, STM32MP135AAG3, STM32MP135CAE3, STM32MP135CAF3, STM32MP135CAG3, STM32MP135DAE7, STM32MP135DAF7, STM32MP135DAG7, STM32MP135F-DK, STM32MP135FAE7, STM32MP135FAF7, STM32MP135FAF7T, STM32MP135FAF7U, STM32MP135FAG7, STM32U535CBT6, STM32U535CBT6Q, STM32U535CBU6, STM32U535CBU6Q, STM32U535CCT6, STM32U535CCT6Q, STM32U535CCU6, STM32U535CCU6Q, STM32U535CET6, STM32U535CET6Q, STM32U535CEU6, STM32U535CEU6Q, STM32U535JEY6QTR, STM32U535NCY6QTR, STM32U535NEY6QTR, STM32U535RBI6, STM32U535RBI6Q, STM32U535RBT6, STM32U535RBT6Q, STM32U535RCI6, STM32U535RCI6Q, STM32U535RCT6, STM32U535RCT6Q, STM32U535REI6, STM32U535REI6Q, STM32U535RET6, STM32U535RET6Q, STM32U535VCI6, STM32U535VCI6Q, STM32U535VCT6, STM32U535VCT6Q, STM32U535VEI6, STM32U535VEI6Q, STM32U535VET6, STM32U535VET6Q, STM32U545CET6, STM32U545CET6Q, STM32U545CEU6, STM32U545CEU6Q, STM32U545JEY6QTR, STM32U545NEY6QTR, STM32U545REI6, STM32U545REI6Q, STM32U545RET6, STM32U545RET6Q, STM32U545VEI6, STM32U545VEI6Q, STM32U545VET6, STM32U545VET6Q, STM32U595AIH6, STM32U595AIH6Q, STM32U595AJH6, STM32U595AJH6Q, STM32U595QII6, STM32U595QII6Q, STM32U595QJI6, STM32U595QJI6Q, STM32U595RIT6, STM32U595RIT6Q, STM32U595RJT6, STM32U595RJT6Q, STM32U595VIT6, STM32U595VIT6Q, STM32U595VJT6, STM32U595VJT6Q, STM32U595ZIT6, STM32U595ZIT6Q, STM32U595ZIY6QTR, STM32U595ZJT6, STM32U595ZJT6Q, STM32U595ZJY6QTR, STM32U599BJY6QTR, STM32U599NIH6Q, STM32U599NJH6Q, STM32U599VIT6Q, STM32U599VJT6, STM32U599VJT6Q, STM32U599ZIT6Q, STM32U599ZIY6QTR, STM32U599ZJT6Q, STM32U599ZJY6QTR, STM32U5A5AJH6, STM32U5A5AJH6Q, STM32U5A5QJI6, STM32U5A5QJI6Q, STM32U5A5RJT6, STM32U5A5RJT6Q, STM32U5A5VJT6, STM32U5A5VJT6Q, STM32U5A5ZJT6, STM32U5A5ZJT6Q, STM32U5A5ZJY6QTR, STM32U5A9BJY6QTR, STM32U5A9J-DK, STM32U5A9NJH6Q, STM32U5A9VJT6Q, STM32U5A9ZJT6Q, STM32U5A9ZJY6QTR, STM32WB1MMCH6, STM32WBA52CEU6, STM32WBA52CEU6T, STM32WBA52CGU6, STM32WBA52CGU6T, STM32WL5MOCH6, STM32WL5MOCH6TR]
2023-05-10 10:11:35,288 [INFO] BoardInfo:880 - No configuration file found for board P-NUCLEO-WB55
2023-05-10 10:11:35,288 [INFO] DbBoards:157 - Kit is not supported: P-NUCLEO-WB55
2023-05-10 10:11:35,291 [INFO] BoardInfo:880 - No configuration file found for board STEVAL-BFA001V1B
2023-05-10 10:11:35,291 [INFO] DbBoards:157 - Kit is not supported: STEVAL-BFA001V1B
2023-05-10 10:11:35,292 [INFO] BoardInfo:880 - No configuration file found for board STEVAL-BFA001V2B
2023-05-10 10:11:35,292 [INFO] DbBoards:157 - Kit is not supported: STEVAL-BFA001V2B
2023-05-10 10:11:35,370 [INFO] DbBoards:161 - Found 187 boards, 184 are supported
2023-05-10 10:11:35,374 [INFO] ApiDb:668 - CubeFinder database Data Model version=2.1
2023-05-10 10:11:35,374 [INFO] ApiDb:669 - CubeFinder database Configuration version=3.0.35
2023-05-10 10:11:35,374 [INFO] ApiDb:670 - CubeFinder database generation date=2023-04-03 (1680511692)
2023-05-10 10:11:35,374 [INFO] ApiDb:671 - CubeFinder database FW Pack versions=[FP-ATR-ASTRA1_V2.0.0, STM32Cube_FW_C0_V1.0.1, STM32Cube_FW_F0_V1.11.4, STM32Cube_FW_F3_V1.11.4, STM32Cube_FW_F4_V1.27.1, STM32Cube_FW_F7_V1.17.0, STM32Cube_FW_G0_V1.6.1, STM32Cube_FW_G4_V1.5.1, STM32Cube_FW_H5_V0.5.1, STM32Cube_FW_H5_V1.0.0, STM32Cube_FW_H7_V1.11.0, STM32Cube_FW_L0_V1.12.2, STM32Cube_FW_L5_V1.5.0, STM32Cube_FW_U5_V1.2.0, STM32Cube_FW_WBA_V1.0.0, STM32Cube_FW_WBA_V1.0.0RC1, STM32Cube_FW_WBA_V1.0.0RC3, STM32Cube_FW_WB_V1.15.0RC1, STM32Cube_FW_WB_V1.16.0, STM32Cube_FW_WB_V1.16.0RC2, STM32Cube_FW_WL_V1.3.0, X-CUBE-ALGOBUILD_V1.3.0, X-CUBE-ALS_V1.0.1, X-CUBE-AZRTOS-F4_V1.1.0, X-CUBE-AZRTOS-F7_V1.1.0, X-CUBE-AZRTOS-G0_V1.1.0, X-CUBE-AZRTOS-G4_V1.0.0, X-CUBE-AZRTOS-H7_V3.0.0, X-CUBE-AZRTOS-L4_V1.0.0, X-CUBE-AZRTOS-L5_V1.1.0, X-CUBE-AZRTOS-WB_V1.1.0, X-CUBE-AZRTOS-WL_V1.0.0, X-CUBE-BLE1_V6.2.4, X-CUBE-BLE2_V3.3.0, X-CUBE-BLEMGR_V1.3.0, X-CUBE-EEPRMA1_V4.1.0, X-CUBE-FREERTOS_V1.0.1, X-CUBE-GNSS1_V6.0.0, X-CUBE-MEMS1_V9.1.0, X-CUBE-MEMS1_V9.4.0, X-CUBE-MEMS1_V9.5.0, X-CUBE-NFC4_V3.0.0, X-CUBE-NFC7_V1.0.0, X-CUBE-SFXS2LP1_V4.0.0, X-CUBE-SUBG2_V5.0.0]
2023-05-10 10:11:36,394 [WARN] PackLoader:240 - Cannot read IP mode file for STMicroelectronics.X-CUBE-GNSS1.6.0.0
2023-05-10 10:11:36,416 [WARN] PackLoader:240 - Cannot read IP mode file for STMicroelectronics.X-CUBE-AZRTOS-F4.1.1.0
2023-05-10 10:11:36,424 [WARN] PackLoader:240 - Cannot read IP mode file for STMicroelectronics.X-CUBE-SMBUS.2.1.0
2023-05-10 10:11:36,427 [WARN] PackLoader:240 - Cannot read IP mode file for wolfSSL.I-CUBE-wolfSSL.5.6.0
2023-05-10 10:11:36,442 [WARN] PackLoader:240 - Cannot read IP mode file for STMicroelectronics.X-CUBE-AZRTOS-F7.1.1.0
2023-05-10 10:11:36,480 [WARN] PackLoader:240 - Cannot read IP mode file for STMicroelectronics.X-CUBE-MEMS1.9.6.0
2023-05-10 10:11:36,590 [WARN] PackLoader:240 - Cannot read IP mode file for STMicroelectronics.X-CUBE-BLE1.6.2.4
2023-05-10 10:11:36,598 [WARN] PackLoader:240 - Cannot read IP mode file for emotas.I-CUBE-CANOPEN.1.1.3
2023-05-10 10:11:36,607 [WARN] PackLoader:240 - Cannot read IP mode file for STMicroelectronics.X-CUBE-BLEMGR.2.0.0
2023-05-10 10:11:36,623 [WARN] ConditionMgr:438 - getConditionDescription Invalid condition id : UX DEVICE CLASS RTOS Condition cause : null
2023-05-10 10:11:36,624 [WARN] ConditionMgr:438 - getConditionDescription Invalid condition id : UX DEVICE CLASS RTOS Condition cause : null
2023-05-10 10:11:36,627 [WARN] PackLoader:240 - Cannot read IP mode file for STMicroelectronics.X-CUBE-AZRTOS-H7.3.1.0
2023-05-10 10:11:36,628 [WARN] ConditionMgr:1039 - genDependencies : Invalid condition id : UX DEVICE CLASS RTOS Condition cause : null
2023-05-10 10:11:36,628 [WARN] ConditionMgr:1039 - genDependencies : Invalid condition id : UX DEVICE CLASS RTOS Condition cause : null
2023-05-10 10:11:36,628 [WARN] ConditionMgr:1039 - genDependencies : Invalid condition id : UX DEVICE CLASS RTOS Condition cause : null
2023-05-10 10:11:36,629 [WARN] ConditionMgr:1039 - genDependencies : Invalid condition id : UX DEVICE CLASS RTOS Condition cause : null
2023-05-10 10:11:36,629 [WARN] ConditionMgr:1039 - genDependencies : Invalid condition id : UX DEVICE CLASS RTOS Condition cause : null
2023-05-10 10:11:36,636 [WARN] PackLoader:240 - Cannot read IP mode file for STMicroelectronics.X-CUBE-DISPLAY.3.0.0
2023-05-10 10:11:36,644 [WARN] PackLoader:240 - Cannot read IP mode file for STMicroelectronics.X-CUBE-NFC7.1.0.0
2023-05-10 10:11:36,648 [WARN] PackLoader:240 - Cannot read IP mode file for STMicroelectronics.X-CUBE-EEPRMA1.4.1.0
2023-05-10 10:11:36,653 [WARN] PackLoader:240 - Cannot read IP mode file for WES.I-CUBE-Cesium.1.3.0
2023-05-10 10:11:36,657 [WARN] PackLoader:240 - Cannot read IP mode file for STMicroelectronics.X-CUBE-SFXS2LP1.4.0.0
2023-05-10 10:11:36,661 [WARN] PackLoader:240 - Cannot read IP mode file for STMicroelectronics.X-CUBE-BLE2.3.3.0
2023-05-10 10:11:36,664 [WARN] PackLoader:240 - Cannot read IP mode file for STMicroelectronics.X-CUBE-ISPU.1.1.0
2023-05-10 10:11:36,666 [WARN] PackLoader:240 - Cannot read IP mode file for STMicroelectronics.X-CUBE-AI.8.0.0
2023-05-10 10:11:36,669 [WARN] PackLoader:240 - Cannot read IP mode file for STMicroelectronics.X-CUBE-FREERTOS.1.0.1
2023-05-10 10:11:36,672 [WARN] PackLoader:240 - Cannot read IP mode file for STMicroelectronics.X-CUBE-TOUCHGFX.4.21.3
2023-05-10 10:11:36,675 [WARN] PackLoader:240 - Cannot read IP mode file for STMicroelectronics.X-CUBE-ALGOBUILD.1.3.0
2023-05-10 10:11:36,695 [WARN] PackLoader:240 - Cannot read IP mode file for STMicroelectronics.X-CUBE-AZRTOS-L5.1.1.0
2023-05-10 10:11:36,712 [WARN] PackLoader:240 - Cannot read IP mode file for STMicroelectronics.X-CUBE-AZRTOS-G0.1.1.0
2023-05-10 10:11:36,717 [INFO] ApiDb:240 - Found 297 in-development CPN: [B-G473E-ZEST1S, B-WB1M-WPAN1, B-WL5M-SUBG1, NUCLEO-C031C6, NUCLEO-H503RB, NUCLEO-H563ZI, NUCLEO-U545RE-Q, NUCLEO-U5A5ZJ-Q, NUCLEO-WBA52CG, STEVAL-PROTEUS1, STEVAL-STWINBX1, STM320518-EVAL, STM32C0116-DK, STM32C011D6Y3TR, STM32C011D6Y6TR, STM32C011F4P3, STM32C011F4P6, STM32C011F4U3, STM32C011F4U6TR, STM32C011F6P3, STM32C011F6P6, STM32C011F6U3, STM32C011F6U6TR, STM32C011J4M3, STM32C011J4M6, STM32C011J6M3, STM32C011J6M6, STM32C0316-DK, STM32C031C4T3, STM32C031C4T6, STM32C031C4U3, STM32C031C4U6, STM32C031C6T3, STM32C031C6T6, STM32C031C6U3, STM32C031C6U6, STM32C031F4P3, STM32C031F4P6, STM32C031F6P3, STM32C031F6P6, STM32C031G4U3, STM32C031G4U6, STM32C031G6U3, STM32C031G6U6, STM32C031K4T3, STM32C031K4T6, STM32C031K4U3, STM32C031K4U6, STM32C031K6T3, STM32C031K6T6, STM32C031K6U3, STM32C031K6U6, STM32G071K8TXN, STM32G071K8UXN, STM32G081GBU6N, STM32G081KBT6N, STM32G081KBUXN, STM32G0B1CCT6N, STM32G0B1KCT6, STM32G0B1NEY6TR, STM32G0B1RCT6N, STM32G0C1CCT6, STM32G0C1CCT6N, STM32G0C1CCU6N, STM32G0C1CET6N, STM32G0C1CEU6N, STM32G0C1KCT6, STM32G0C1NEY6TR, STM32G0C1RCI6N, STM32G0C1RCT6N, STM32G0C1REI6N, STM32G0C1RET6N, STM32G0C1VCI6, STM32G0C1VEI6, STM32G471CCT6, STM32G471CCU6, STM32G471CET3, STM32G471CET6, STM32G471CEU3, STM32G471CEU6, STM32G471MCT6, STM32G471MET3, STM32G471MET6, STM32G471MEY6TR, STM32G471QCT6, STM32G471QET3, STM32G471RCT6, STM32G471RET3, STM32G471RET6, STM32G471VCH6, STM32G471VCI6, STM32G471VCT6, STM32G471VEH3, STM32G471VEH6, STM32G471VEI3, STM32G471VEI6, STM32G471VET3, STM32G471VET6, STM32G474CCT6, STM32H503CBT6, STM32H503CBU6, STM32H503EBY6TR, STM32H503KBU6, STM32H503RBT6, STM32H562AGI6, STM32H562AII6, STM32H562IGK6, STM32H562IGT6, STM32H562IIK6, STM32H562IIT6, STM32H562RGT6, STM32H562RGV6, STM32H562RIT6, STM32H562RIV6, STM32H562VGT6, STM32H562VIT6, STM32H562ZGT6, STM32H562ZIT6, STM32H563AGI6, STM32H563AII3Q, STM32H563AII6, STM32H563IGK6, STM32H563IGT6, STM32H563IIK3Q, STM32H563IIK6, STM32H563IIT3Q, STM32H563IIT6, STM32H563MIY3QTR, STM32H563RGT6, STM32H563RGV6, STM32H563RIT6, STM32H563RIV6, STM32H563VGT6, STM32H563VIT3Q, STM32H563VIT6, STM32H563ZGT6, STM32H563ZIT3Q, STM32H563ZIT6, STM32H573AII3Q, STM32H573AII6, STM32H573I-DK, STM32H573IIK3Q, STM32H573IIK6, STM32H573IIT3Q, STM32H573IIT6, STM32H573MIY3QTR, STM32H573RIT6, STM32H573RIV6, STM32H573VIT3Q, STM32H573VIT6, STM32H573ZIT3Q, STM32H573ZIT6, STM32L4R5QGI6STR, STM32MP131AAE3, STM32MP131AAF3, STM32MP131AAG3, STM32MP131CAE3, STM32MP131CAF3, STM32MP131CAG3, STM32MP131DAE7, STM32MP131DAF7, STM32MP131DAG7, STM32MP131FAE7, STM32MP131FAF7, STM32MP131FAG7, STM32MP133AAE3, STM32MP133AAF3, STM32MP133AAG3, STM32MP133CAE3, STM32MP133CAF3, STM32MP133CAG3, STM32MP133DAE7, STM32MP133DAF7, STM32MP133DAG7, STM32MP133FAE7, STM32MP133FAF7, STM32MP133FAG7, STM32MP135AAE3, STM32MP135AAF3, STM32MP135AAG3, STM32MP135CAE3, STM32MP135CAF3, STM32MP135CAG3, STM32MP135DAE7, STM32MP135DAF7, STM32MP135DAG7, STM32MP135F-DK, STM32MP135FAE7, STM32MP135FAF7, STM32MP135FAF7T, STM32MP135FAF7U, STM32MP135FAG7, STM32U535CBT6, STM32U535CBT6Q, STM32U535CBU6, STM32U535CBU6Q, STM32U535CCT6, STM32U535CCT6Q, STM32U535CCU6, STM32U535CCU6Q, STM32U535CET6, STM32U535CET6Q, STM32U535CEU6, STM32U535CEU6Q, STM32U535JEY6QTR, STM32U535NCY6QTR, STM32U535NEY6QTR, STM32U535RBI6, STM32U535RBI6Q, STM32U535RBT6, STM32U535RBT6Q, STM32U535RCI6, STM32U535RCI6Q, STM32U535RCT6, STM32U535RCT6Q, STM32U535REI6, STM32U535REI6Q, STM32U535RET6, STM32U535RET6Q, STM32U535VCI6, STM32U535VCI6Q, STM32U535VCT6, STM32U535VCT6Q, STM32U535VEI6, STM32U535VEI6Q, STM32U535VET6, STM32U535VET6Q, STM32U545CET6, STM32U545CET6Q, STM32U545CEU6, STM32U545CEU6Q, STM32U545JEY6QTR, STM32U545NEY6QTR, STM32U545REI6, STM32U545REI6Q, STM32U545RET6, STM32U545RET6Q, STM32U545VEI6, STM32U545VEI6Q, STM32U545VET6, STM32U545VET6Q, STM32U595AIH6, STM32U595AIH6Q, STM32U595AJH6, STM32U595AJH6Q, STM32U595QII6, STM32U595QII6Q, STM32U595QJI6, STM32U595QJI6Q, STM32U595RIT6, STM32U595RIT6Q, STM32U595RJT6, STM32U595RJT6Q, STM32U595VIT6, STM32U595VIT6Q, STM32U595VJT6, STM32U595VJT6Q, STM32U595ZIT6, STM32U595ZIT6Q, STM32U595ZIY6QTR, STM32U595ZJT6, STM32U595ZJT6Q, STM32U595ZJY6QTR, STM32U599BJY6QTR, STM32U599NIH6Q, STM32U599NJH6Q, STM32U599VIT6Q, STM32U599VJT6, STM32U599VJT6Q, STM32U599ZIT6Q, STM32U599ZIY6QTR, STM32U599ZJT6Q, STM32U599ZJY6QTR, STM32U5A5AJH6, STM32U5A5AJH6Q, STM32U5A5QJI6, STM32U5A5QJI6Q, STM32U5A5RJT6, STM32U5A5RJT6Q, STM32U5A5VJT6, STM32U5A5VJT6Q, STM32U5A5ZJT6, STM32U5A5ZJT6Q, STM32U5A5ZJY6QTR, STM32U5A9BJY6QTR, STM32U5A9J-DK, STM32U5A9NJH6Q, STM32U5A9VJT6Q, STM32U5A9ZJT6Q, STM32U5A9ZJY6QTR, STM32WB1MMCH6, STM32WBA52CEU6, STM32WBA52CEU6T, STM32WBA52CGU6, STM32WBA52CGU6T, STM32WL5MOCH6, STM32WL5MOCH6TR]
2023-05-10 10:11:36,719 [WARN] PackLoader:240 - Cannot read IP mode file for STMicroelectronics.X-CUBE-SUBG2.5.0.0
2023-05-10 10:11:36,722 [INFO] DbMcus:216 - Found 3775 MCUs, 3775 are supported
2023-05-10 10:11:36,723 [INFO] ApiDb:423 - Load user favorites file C:\Users\SSAFY/.stm32cubeide/favorites.mcus.txt: 1 item(s)
2023-05-10 10:11:36,723 [INFO] ApiDb:427 - User favorites MCUs=[STM32F103RBT6TR]
2023-05-10 10:11:36,723 [INFO] DbMcus:222 - Set 1 / 1 favorites MCUs
2023-05-10 10:11:36,725 [WARN] PackLoader:240 - Cannot read IP mode file for STMicroelectronics.X-CUBE-NFC4.3.0.0
2023-05-10 10:11:36,734 [WARN] PackLoader:240 - Cannot read IP mode file for STMicroelectronics.X-CUBE-AZRTOS-G4.2.0.0
2023-05-10 10:11:36,741 [WARN] PackLoader:240 - Cannot read IP mode file for STMicroelectronics.X-CUBE-TOF1.3.3.0
2023-05-10 10:11:36,748 [WARN] PackLoader:240 - Cannot read IP mode file for STMicroelectronics.FP-ATR-SIGFOX1.3.2.0
2023-05-10 10:11:36,757 [WARN] PackLoader:240 - Cannot read IP mode file for STMicroelectronics.X-CUBE-AZRTOS-L4.1.0.0
2023-05-10 10:11:36,765 [WARN] PackLoader:240 - Cannot read IP mode file for STMicroelectronics.X-CUBE-AZRTOS-WL.1.0.0
2023-05-10 10:11:36,769 [WARN] PackLoader:240 - Cannot read IP mode file for portGmbH.I-Cube-SoM-uGOAL.1.1.0
2023-05-10 10:11:36,772 [WARN] PackLoader:240 - Cannot read IP mode file for STMicroelectronics.X-CUBE-ALS.1.0.1
2023-05-10 10:11:36,779 [WARN] PackLoader:240 - Cannot read IP mode file for STMicroelectronics.X-CUBE-AZRTOS-WB.1.1.0
2023-05-10 10:11:36,798 [WARN] PackLoader:240 - Cannot read IP mode file for SEGGER.I-CUBE-embOS.1.3.1
2023-05-10 10:11:36,825 [WARN] PackLoader:240 - Cannot read IP mode file for STMicroelectronics.FP-ATR-ASTRA1.2.0.0
2023-05-10 10:11:36,826 [INFO] ThirdParty:978 - Integrity check success = true
2023-05-10 10:11:36,826 [INFO] IntegrityCheckThread:100 - exiting critical section [integrity check]
2023-05-10 10:11:36,826 [INFO] IntegrityCheckThread:103 - End integrity checks thread
2023-05-10 10:11:36,902 [INFO] ApiDb:423 - Load user favorites file C:\Users\SSAFY/.stm32cubeide/favorites.boards.txt: 1 item(s)
2023-05-10 10:11:36,902 [INFO] ApiDb:427 - User favorites Boards=[NUCLEO-F103RB]
2023-05-10 10:11:36,904 [INFO] DbBoards:190 - Set 1 / 1 favorites Boards
2023-05-10 10:11:36,904 [INFO] McuFinderGlobals:66 - Set McuFinderConnectedMode to true
2023-05-10 10:11:36,910 [INFO] MultiScanPanel:200 - Auto-refresh data requested => check proxy status ongoing
2023-05-10 10:11:36,911 [INFO] FinderPluginLoader:95 - Searching for filters in installed packs
2023-05-10 10:11:37,742 [INFO] LoadUrlFilesThread:185 - End of LoadServerUrlFiles without Thread
2023-05-10 10:11:37,753 [INFO] DetailPanel:341 - Set advertising image to C:/Users/SSAFY/STM32Cube/Repository/\en.prom-stm32h5-mcu-finder.jpg
2023-05-10 10:11:46,885 [ERROR] LogOutputStream:75 - [STDERR_REDIRECT] SLF4J: Failed to load class "org.slf4j.impl.StaticLoggerBinder".
2023-05-10 10:11:46,886 [ERROR] LogOutputStream:75 - [STDERR_REDIRECT] SLF4J: Defaulting to no-operation (NOP) logger implementation
2023-05-10 10:11:46,886 [ERROR] LogOutputStream:75 - [STDERR_REDIRECT] SLF4J: See http://www.slf4j.org/codes.html#StaticLoggerBinder for further details.
2023-05-10 10:11:51,222 [INFO] MainUpdater:2854 - connection check result : 10
2023-05-10 10:11:51,222 [INFO] MainUpdater:2854 - connection check result : 10
2023-05-10 10:11:51,234 [INFO] MicroXplorer:468 - Change Database Path : 
2023-05-10 10:11:51,234 [INFO] MicroXplorer:498 - Change Database Version : DB.6.0.80
2023-05-10 10:11:51,235 [WARN] ThirdParty:871 - waiting for thirdparty lock release [close project]
2023-05-10 10:11:51,235 [INFO] ThirdParty:873 - entering critical section [close project]
2023-05-10 10:11:51,235 [INFO] ThirdParty:883 - exiting critical section [close project]
2023-05-10 10:11:51,237 [INFO] PinOutPanel:1499 - setPackage(No Configuration,No Configuration)
2023-05-10 10:11:51,240 [INFO] UtilMem:75 - Begin LoadConfig() Used Memory: 221482600 Bytes (268435456)
2023-05-10 10:11:51,242 [INFO] MicroXplorer:468 - Change Database Path : 
2023-05-10 10:11:51,242 [INFO] MicroXplorer:498 - Change Database Version : DB.6.0.80
2023-05-10 10:11:51,242 [INFO] OpenFileManager:308 - Change cursor
2023-05-10 10:11:51,272 [INFO] Mcu:1937 - Initializing MCU STM32F103RBTx STM32F103RBTx 
2023-05-10 10:11:51,273 [INFO] Mcu:1950 - No CPN specified => set CPN to STM32F103RBT6
2023-05-10 10:11:51,794 [INFO] Context:659 - Trying to add GPIOservice into a context  which must be forbidden
2023-05-10 10:11:51,920 [INFO] ImportTextPane:194 - (OptionalMessage_ERROR) Unable to find key (Mcu.ThirdPartyNb) in loaded IOC file
2023-05-10 10:11:51,920 [INFO] ImportTextPane:194 - (OptionalMessage_ERROR) Unable to find key (Mcu.PinsNb) in loaded IOC file
2023-05-10 10:11:51,920 [INFO] ImportTextPane:194 - (OptionalMessage_ERROR) Unable to find key (Mcu.IPNb) in loaded IOC file
2023-05-10 10:11:52,105 [INFO] RtosManager:555 - Registered RTOS mode: class=CMSIS, group=RTOS, mode=CMSIS_V1, owner=FREERTOS
2023-05-10 10:11:52,105 [INFO] RtosManager:555 - Registered RTOS mode: class=CMSIS, group=RTOS2, mode=CMSIS_V2, owner=FREERTOS
2023-05-10 10:11:52,105 [INFO] RtosManager:555 - Registered RTOS mode: class=RTOS, group=Core, mode=CMSIS_V1, owner=FREERTOS
2023-05-10 10:11:52,105 [INFO] RtosManager:555 - Registered RTOS mode: class=RTOS, group=Core, mode=CMSIS_V2, owner=FREERTOS
2023-05-10 10:11:52,106 [WARN] ModelIntegratedComponent:184 - Missing modes for component STMicroelectronics:FreeRTOS:0.0.1:STMicroelectronics:RTOS:FreeRTOS:Core:::10.2.0:
2023-05-10 10:11:52,114 [WARN] ModelIntegratedComponent:63 - No mode defined for component null
2023-05-10 10:11:52,114 [WARN] ModelIntegratedComponent:63 - No mode defined for component null
2023-05-10 10:11:52,114 [WARN] ModelIntegratedComponent:63 - No mode defined for component null
2023-05-10 10:11:52,114 [WARN] ModelIntegratedComponent:63 - No mode defined for component null
2023-05-10 10:11:52,114 [WARN] ModelIntegratedComponent:63 - No mode defined for component null
2023-05-10 10:11:52,114 [WARN] ModelIntegratedComponent:63 - No mode defined for component null
2023-05-10 10:11:52,114 [WARN] ModelIntegratedComponent:63 - No mode defined for component null
2023-05-10 10:11:52,114 [WARN] ModelIntegratedComponent:63 - No mode defined for component null
2023-05-10 10:11:52,114 [WARN] ModelIntegratedComponent:63 - No mode defined for component null
2023-05-10 10:11:52,114 [WARN] ModelIntegratedComponent:63 - No mode defined for component null
2023-05-10 10:11:52,114 [WARN] ModelIntegratedComponent:63 - No mode defined for component null
2023-05-10 10:11:52,115 [WARN] ModelIntegratedComponent:63 - No mode defined for component null
2023-05-10 10:11:52,115 [WARN] ModelIntegratedComponent:63 - No mode defined for component null
2023-05-10 10:11:52,115 [WARN] ModelIntegratedComponent:63 - No mode defined for component null
2023-05-10 10:11:52,115 [WARN] ModelIntegratedComponent:63 - No mode defined for component null
2023-05-10 10:11:52,115 [WARN] ModelIntegratedComponent:63 - No mode defined for component null
2023-05-10 10:11:52,115 [WARN] ModelIntegratedComponent:63 - No mode defined for component null
2023-05-10 10:11:52,115 [WARN] ModelIntegratedComponent:63 - No mode defined for component null
2023-05-10 10:11:52,115 [WARN] ModelIntegratedComponent:63 - No mode defined for component null
2023-05-10 10:11:52,115 [WARN] ModelIntegratedComponent:63 - No mode defined for component null
2023-05-10 10:11:52,115 [WARN] ModelIntegratedComponent:63 - No mode defined for component null
2023-05-10 10:11:52,115 [WARN] ModelIntegratedComponent:63 - No mode defined for component null
2023-05-10 10:11:52,115 [WARN] ModelIntegratedComponent:63 - No mode defined for component null
2023-05-10 10:11:52,115 [WARN] ModelIntegratedComponent:63 - No mode defined for component null
2023-05-10 10:11:52,115 [WARN] ModelIntegratedComponent:63 - No mode defined for component null
2023-05-10 10:11:52,115 [WARN] ModelIntegratedComponent:63 - No mode defined for component null
2023-05-10 10:11:52,116 [WARN] ModelIntegratedComponent:63 - No mode defined for component null
2023-05-10 10:11:52,116 [WARN] ModelIntegratedComponent:63 - No mode defined for component null
2023-05-10 10:11:52,116 [WARN] ModelIntegratedComponent:63 - No mode defined for component null
2023-05-10 10:11:52,116 [WARN] ModelIntegratedComponent:63 - No mode defined for component null
2023-05-10 10:11:52,116 [WARN] ModelIntegratedComponent:63 - No mode defined for component null
2023-05-10 10:11:52,116 [WARN] ModelIntegratedComponent:63 - No mode defined for component null
2023-05-10 10:11:52,116 [WARN] ModelIntegratedComponent:63 - No mode defined for component null
2023-05-10 10:11:52,128 [INFO] ThirdPartyModel:298 - Start build external matchings
2023-05-10 10:11:52,302 [INFO] ThirdPartyModel:316 - End build external matchings
2023-05-10 10:11:52,470 [INFO] UtilMem:75 - End LoadConfig() Used Memory: 213246072 Bytes (268435456)
2023-05-10 10:11:52,540 [WARN] ThirdParty:833 - waiting for thirdparty lock release [change project]
2023-05-10 10:11:52,541 [INFO] ThirdParty:835 - entering critical section [change project]
2023-05-10 10:11:52,541 [INFO] ThirdParty:1030 - CMSIS Pack Vendor :STMicroelectronics X-CUBE-ISPU 1.1.0
2023-05-10 10:11:52,541 [INFO] ThirdParty:1030 - CMSIS Pack Vendor :STMicroelectronics X-CUBE-GNSS1 6.0.0
2023-05-10 10:11:52,541 [INFO] ThirdParty:1030 - CMSIS Pack Vendor :STMicroelectronics USB_HOST 2.0.0
2023-05-10 10:11:52,541 [INFO] ThirdParty:1030 - CMSIS Pack Vendor :STMicroelectronics X-CUBE-AZRTOS-F4 1.1.0
2023-05-10 10:11:52,541 [INFO] ThirdParty:1030 - CMSIS Pack Vendor :STMicroelectronics LIBJPEG 8.0.0
2023-05-10 10:11:52,541 [INFO] ThirdParty:1030 - CMSIS Pack Vendor :STMicroelectronics X-CUBE-SMBUS 2.1.0
2023-05-10 10:11:52,541 [INFO] ThirdParty:1030 - CMSIS Pack Vendor :wolfSSL I-CUBE-wolfSSL 5.6.0
2023-05-10 10:11:52,541 [INFO] ThirdParty:1030 - CMSIS Pack Vendor :STMicroelectronics USB_DEVICE 3.0.0
2023-05-10 10:11:52,541 [INFO] ThirdParty:1030 - CMSIS Pack Vendor :STMicroelectronics X-CUBE-AI 8.0.0
2023-05-10 10:11:52,541 [INFO] ThirdParty:1030 - CMSIS Pack Vendor :STMicroelectronics X-CUBE-FREERTOS 1.0.1
2023-05-10 10:11:52,541 [INFO] ThirdParty:1030 - CMSIS Pack Vendor :STMicroelectronics X-CUBE-TOUCHGFX 4.21.3
2023-05-10 10:11:52,541 [INFO] ThirdParty:1030 - CMSIS Pack Vendor :STMicroelectronics X-CUBE-AZRTOS-F7 1.1.0
2023-05-10 10:11:52,541 [INFO] ThirdParty:1030 - CMSIS Pack Vendor :STMicroelectronics USB_DEVICE 2.0.0
2023-05-10 10:11:52,541 [INFO] ThirdParty:1030 - CMSIS Pack Vendor :STMicroelectronics X-CUBE-MEMS1 9.6.0
2023-05-10 10:11:52,541 [INFO] ThirdParty:1030 - CMSIS Pack Vendor :STMicroelectronics X-CUBE-ALGOBUILD 1.3.0
2023-05-10 10:11:52,541 [INFO] ThirdParty:1030 - CMSIS Pack Vendor :STMicroelectronics X-CUBE-BLE1 6.2.4
2023-05-10 10:11:52,541 [INFO] ThirdParty:1030 - CMSIS Pack Vendor :STMicroelectronics X-CUBE-AZRTOS-L5 1.1.0
2023-05-10 10:11:52,541 [INFO] ThirdParty:1030 - CMSIS Pack Vendor :STMicroelectronics FreeRTOS 0.0.1
2023-05-10 10:11:52,541 [INFO] ThirdParty:1030 - CMSIS Pack Vendor :emotas I-CUBE-CANOPEN 1.1.3
2023-05-10 10:11:52,542 [INFO] ThirdParty:1030 - CMSIS Pack Vendor :STMicroelectronics X-CUBE-AZRTOS-G0 1.1.0
2023-05-10 10:11:52,542 [INFO] ThirdParty:1030 - CMSIS Pack Vendor :STMicroelectronics X-CUBE-BLEMGR 2.0.0
2023-05-10 10:11:52,542 [INFO] ThirdParty:1030 - CMSIS Pack Vendor :STMicroelectronics X-CUBE-SUBG2 5.0.0
2023-05-10 10:11:52,542 [INFO] ThirdParty:1030 - CMSIS Pack Vendor :STMicroelectronics X-CUBE-NFC4 3.0.0
2023-05-10 10:11:52,542 [INFO] ThirdParty:1030 - CMSIS Pack Vendor :STMicroelectronics STM32_WPAN 1.0.0
2023-05-10 10:11:52,542 [INFO] ThirdParty:1030 - CMSIS Pack Vendor :STMicroelectronics lwIP 2.0.3
2023-05-10 10:11:52,542 [INFO] ThirdParty:1030 - CMSIS Pack Vendor :STMicroelectronics USB_HOST 1.0.0
2023-05-10 10:11:52,542 [INFO] ThirdParty:1030 - CMSIS Pack Vendor :STMicroelectronics X-CUBE-AZRTOS-G4 2.0.0
2023-05-10 10:11:52,542 [INFO] ThirdParty:1030 - CMSIS Pack Vendor :STMicroelectronics PDM2PCM 3.1.0
2023-05-10 10:11:52,542 [INFO] ThirdParty:1030 - CMSIS Pack Vendor :STMicroelectronics X-CUBE-AZRTOS-H7 3.1.0
2023-05-10 10:11:52,542 [INFO] ThirdParty:1030 - CMSIS Pack Vendor :STMicroelectronics X-CUBE-TOF1 3.3.0
2023-05-10 10:11:52,542 [INFO] ThirdParty:1030 - CMSIS Pack Vendor :STMicroelectronics PDM2PCM 3.3.0
2023-05-10 10:11:52,542 [INFO] ThirdParty:1030 - CMSIS Pack Vendor :STMicroelectronics X-CUBE-DISPLAY 3.0.0
2023-05-10 10:11:52,542 [INFO] ThirdParty:1030 - CMSIS Pack Vendor :STMicroelectronics FP-ATR-SIGFOX1 3.2.0
2023-05-10 10:11:52,542 [INFO] ThirdParty:1030 - CMSIS Pack Vendor :STMicroelectronics X-CUBE-AZRTOS-L4 1.0.0
2023-05-10 10:11:52,542 [INFO] ThirdParty:1030 - CMSIS Pack Vendor :STMicroelectronics HAL Drivers 0.0.0
2023-05-10 10:11:52,542 [INFO] ThirdParty:1030 - CMSIS Pack Vendor :STMicroelectronics MBEDTLS 2.16.2
2023-05-10 10:11:52,542 [INFO] ThirdParty:1030 - CMSIS Pack Vendor :STMicroelectronics MBEDTLS 2.14.1
2023-05-10 10:11:52,542 [INFO] ThirdParty:1030 - CMSIS Pack Vendor :STMicroelectronics X-CUBE-NFC7 1.0.0
2023-05-10 10:11:52,542 [INFO] ThirdParty:1030 - CMSIS Pack Vendor :STMicroelectronics X-CUBE-AZRTOS-WL 1.0.0
2023-05-10 10:11:52,542 [INFO] ThirdParty:1030 - CMSIS Pack Vendor :STMicroelectronics X-CUBE-EEPRMA1 4.1.0
2023-05-10 10:11:52,542 [INFO] ThirdParty:1030 - CMSIS Pack Vendor :portGmbH I-Cube-SoM-uGOAL 1.1.0
2023-05-10 10:11:52,542 [INFO] ThirdParty:1030 - CMSIS Pack Vendor :STMicroelectronics X-CUBE-ALS 1.0.1
2023-05-10 10:11:52,542 [INFO] ThirdParty:1030 - CMSIS Pack Vendor :STMicroelectronics ThreadX 1.0.0
2023-05-10 10:11:52,542 [INFO] ThirdParty:1030 - CMSIS Pack Vendor :STMicroelectronics X-CUBE-AZRTOS-WB 1.1.0
2023-05-10 10:11:52,542 [INFO] ThirdParty:1030 - CMSIS Pack Vendor :SEGGER I-CUBE-embOS 1.3.1
2023-05-10 10:11:52,542 [INFO] ThirdParty:1030 - CMSIS Pack Vendor :STMicroelectronics USB_DEVICE 1.0.0
2023-05-10 10:11:52,542 [INFO] ThirdParty:1030 - CMSIS Pack Vendor :STMicroelectronics ThreadX 0.0.2
2023-05-10 10:11:52,542 [INFO] ThirdParty:1030 - CMSIS Pack Vendor :WES I-CUBE-Cesium 1.3.0
2023-05-10 10:11:52,542 [INFO] ThirdParty:1030 - CMSIS Pack Vendor :STMicroelectronics FP-ATR-ASTRA1 2.0.0
2023-05-10 10:11:52,542 [INFO] ThirdParty:1030 - CMSIS Pack Vendor :STMicroelectronics lwIP 2.1.2
2023-05-10 10:11:52,543 [INFO] ThirdParty:1030 - CMSIS Pack Vendor :STMicroelectronics X-CUBE-SFXS2LP1 4.0.0
2023-05-10 10:11:52,543 [INFO] ThirdParty:1030 - CMSIS Pack Vendor :STMicroelectronics X-CUBE-BLE2 3.3.0
2023-05-10 10:11:52,543 [INFO] ThirdParty:1030 - CMSIS Pack Vendor :STMicroelectronics PDM2PCM 3.2.0
2023-05-10 10:11:52,543 [INFO] ThirdParty:841 - exiting critical section [change project]
2023-05-10 10:11:52,737 [INFO] PinOutPanel:1499 - setPackage(No Configuration,No Configuration)
2023-05-10 10:11:52,738 [INFO] PinOutPanel:1499 - setPackage(STM32F103RBTx,LQFP64)
2023-05-10 10:11:53,049 [INFO] UtilMem:75 - Before build in PCC Used Memory: 186183808 Bytes (268435456)
2023-05-10 10:11:53,506 [INFO] UtilMem:75 - After build in PCC Used Memory: 164679824 Bytes (300941312)
2023-05-10 10:11:53,522 [INFO] IPUIPlugin:80 - create IPUIPlugin
2023-05-10 10:11:53,523 [INFO] IPUIPlugin:80 - create IPUIPlugin
2023-05-10 10:11:53,523 [INFO] IPUIPlugin:80 - create IPUIPlugin
2023-05-10 10:11:53,523 [INFO] IPUIPlugin:80 - create IPUIPlugin
2023-05-10 10:11:53,523 [INFO] IPUIPlugin:80 - create IPUIPlugin
2023-05-10 10:11:53,523 [INFO] IPUIPlugin:80 - create IPUIPlugin
2023-05-10 10:11:53,523 [INFO] IPUIPlugin:80 - create IPUIPlugin
2023-05-10 10:11:53,523 [INFO] IPUIPlugin:80 - create IPUIPlugin
2023-05-10 10:11:53,523 [INFO] IPUIPlugin:80 - create IPUIPlugin
2023-05-10 10:11:53,523 [INFO] IPUIPlugin:80 - create IPUIPlugin
2023-05-10 10:11:53,523 [INFO] IPUIPlugin:80 - create IPUIPlugin
2023-05-10 10:11:53,524 [INFO] IPUIPlugin:80 - create IPUIPlugin
2023-05-10 10:11:53,524 [INFO] IPUIPlugin:80 - create IPUIPlugin
2023-05-10 10:11:53,524 [INFO] IPUIPlugin:80 - create IPUIPlugin
2023-05-10 10:11:53,524 [INFO] IPUIPlugin:80 - create IPUIPlugin
2023-05-10 10:11:53,524 [INFO] IPUIPlugin:80 - create IPUIPlugin
2023-05-10 10:11:53,524 [INFO] IPUIPlugin:80 - create IPUIPlugin
2023-05-10 10:11:53,524 [INFO] IPUIPlugin:80 - create IPUIPlugin
2023-05-10 10:11:53,525 [INFO] IPUIPlugin:80 - create IPUIPlugin
2023-05-10 10:11:53,525 [INFO] IPUIPlugin:80 - create IPUIPlugin
2023-05-10 10:11:53,525 [INFO] IPUIPlugin:80 - create IPUIPlugin
2023-05-10 10:11:53,525 [INFO] IPUIPlugin:80 - create IPUIPlugin
2023-05-10 10:11:53,525 [INFO] IPUIPlugin:80 - create IPUIPlugin
2023-05-10 10:11:53,526 [INFO] IPUIPlugin:80 - create IPUIPlugin
2023-05-10 10:11:53,526 [INFO] IPUIPlugin:80 - create IPUIPlugin
2023-05-10 10:11:53,526 [INFO] IPUIPlugin:80 - create IPUIPlugin
2023-05-10 10:11:53,526 [INFO] IPUIPlugin:80 - create IPUIPlugin
2023-05-10 10:11:53,648 [INFO] CADModel:165 - CPN selected for project levelSTM32F103RBT6
2023-05-10 10:11:53,648 [INFO] CADModel:114 - Register for checkConnection events
2023-05-10 10:11:53,707 [INFO] OpenFileManager:328 - Restore cursor
2023-05-10 10:11:54,034 [INFO] UtilMem:75 - End SaveConfig() Used Memory: 166457848 Bytes (300941312)
2023-05-10 10:11:54,074 [INFO] UtilMem:75 - End SaveConfig() Used Memory: 179632248 Bytes (300941312)
2023-05-10 10:11:54,422 [INFO] BlockDiagram:2759 - set Specific Code input for plugin: NVIC
2023-05-10 10:11:54,423 [INFO] BlockDiagram:2759 - set Specific Code input for plugin: RCC
2023-05-10 10:11:54,424 [INFO] CodeGenerator:793 - code generatio: config db path: C:\ST\STM32CubeIDE_1.12.0\STM32CubeIDE\plugins\com.st.stm32cube.common.mx_6.8.0.202302231600\\db\
2023-05-10 10:11:54,683 [INFO] CodeEngine:255 - oldGeneratedFile, C:\Users\SSAFY\STM32CubeIDE\workspace_CAN_1\CAN\MXTmpFiles\license.tmp_save
2023-05-10 10:11:54,946 [INFO] CodeEngine:279 - Generated code: C:\Users\SSAFY\STM32CubeIDE\workspace_CAN_1\CAN\MXTmpFiles\license.tmp
2023-05-10 10:11:54,957 [INFO] CodeEngine:255 - oldGeneratedFile, C:\Users\SSAFY\STM32CubeIDE\workspace_CAN_1\CAN\Core\Src\stm32f1xx_it.c_save
2023-05-10 10:11:55,052 [INFO] CodeEngine:279 - Generated code: C:\Users\SSAFY\STM32CubeIDE\workspace_CAN_1\CAN\Core\Src\stm32f1xx_it.c
2023-05-10 10:11:55,056 [INFO] CodeEngine:255 - oldGeneratedFile, C:\Users\SSAFY\STM32CubeIDE\workspace_CAN_1\CAN\Core\Inc\stm32f1xx_it.h_save
2023-05-10 10:11:55,111 [INFO] CodeEngine:279 - Generated code: C:\Users\SSAFY\STM32CubeIDE\workspace_CAN_1\CAN\Core\Inc\stm32f1xx_it.h
2023-05-10 10:11:55,173 [INFO] CodeEngine:255 - oldGeneratedFile, C:\Users\SSAFY\STM32CubeIDE\workspace_CAN_1\CAN\Core\Src\stm32f1xx_hal_msp.c_save
2023-05-10 10:11:55,265 [INFO] CodeEngine:279 - Generated code: C:\Users\SSAFY\STM32CubeIDE\workspace_CAN_1\CAN\Core\Src\stm32f1xx_hal_msp.c
2023-05-10 10:11:55,269 [INFO] CodeEngine:255 - oldGeneratedFile, C:\Users\SSAFY\STM32CubeIDE\workspace_CAN_1\CAN\MXTmpFiles\system.tmp_save
2023-05-10 10:11:55,339 [INFO] CodeEngine:279 - Generated code: C:\Users\SSAFY\STM32CubeIDE\workspace_CAN_1\CAN\MXTmpFiles\system.tmp
2023-05-10 10:11:55,348 [INFO] CodeEngine:311 - oldGeneratedFile, C:\Users\SSAFY\STM32CubeIDE\workspace_CAN_1\CAN\Core\Inc\stm32f1xx_hal_conf.h_save
2023-05-10 10:11:55,422 [INFO] CodeEngine:335 - Generated code: C:\Users\SSAFY\STM32CubeIDE\workspace_CAN_1\CAN\Core\Inc\stm32f1xx_hal_conf.h
2023-05-10 10:11:55,451 [INFO] CodeEngine:255 - oldGeneratedFile, C:\Users\SSAFY\STM32CubeIDE\workspace_CAN_1\CAN\Core\Inc\main.h_save
2023-05-10 10:11:55,518 [INFO] CodeEngine:279 - Generated code: C:\Users\SSAFY\STM32CubeIDE\workspace_CAN_1\CAN\Core\Inc\main.h
2023-05-10 10:11:55,522 [INFO] CodeEngine:255 - oldGeneratedFile, C:\Users\SSAFY\STM32CubeIDE\workspace_CAN_1\CAN\Core\Src\main.c_save
2023-05-10 10:11:55,601 [INFO] CodeEngine:279 - Generated code: C:\Users\SSAFY\STM32CubeIDE\workspace_CAN_1\CAN\Core\Src\main.c
2023-05-10 10:11:56,160 [INFO] ProjectBuilder:2996 - Time for Copy HAL[1] : 107mS.
2023-05-10 10:11:56,170 [INFO] ProjectBuilder:4304 - Project Generator version: 3.19.2
2023-05-10 10:11:56,393 [INFO] ConfigFileManager:1483 - The Die is : DIE410
2023-05-10 10:11:56,401 [INFO] ApiDbMcu:507 - Load IP Config File for FATFS
2023-05-10 10:11:56,431 [INFO] ApiDbMcu:507 - Load IP Config File for FREERTOS
2023-05-10 10:11:56,445 [INFO] ApiDbMcu:507 - Load IP Config File for USB_DEVICE
2023-05-10 10:11:57,021 [INFO] LogOutputStream:77 - [STDOUT_REDIRECT] 
2023-05-10 10:11:58,543 [INFO] ProjectBuilder:4505 - Time for Generating toolchain IDE Files: 2372mS.
2023-05-10 10:11:58,543 [INFO] ProjectBuilder:2867 - Time for Copy CMSIS : 0mS.
2023-05-10 10:11:58,546 [INFO] ProjectBuilder:2867 - Time for Copy CMSIS : 0mS.
2023-05-10 10:11:59,257 [INFO] McuFinderGlobals:66 - Set McuFinderConnectedMode to true
2023-05-10 10:11:59,259 [INFO] ApiDb:448 - Save user favorites file C:\Users\SSAFY/.stm32cubeide/favorites.mcus.txt: 1 item(s)
2023-05-10 10:11:59,259 [INFO] ApiDb:452 - User favorites MCUs=[STM32F103RBT6TR]
2023-05-10 10:14:13,662 [INFO] UtilMem:75 - End SaveConfig() Used Memory: 538944832 Bytes (670040064)
2023-05-10 10:14:14,767 [INFO] UtilMem:75 - End SaveConfig() Used Memory: 560964928 Bytes (670040064)
2023-05-10 10:14:17,114 [INFO] UtilMem:75 - End SaveConfig() Used Memory: 572163160 Bytes (670040064)
2023-05-10 10:14:17,299 [INFO] BlockDiagram:2759 - set Specific Code input for plugin: NVIC
2023-05-10 10:14:17,299 [INFO] BlockDiagram:2759 - set Specific Code input for plugin: GPIO
2023-05-10 10:14:17,299 [INFO] BlockDiagram:2759 - set Specific Code input for plugin: RCC
2023-05-10 10:14:17,301 [INFO] CodeGenerator:793 - code generatio: config db path: C:\ST\STM32CubeIDE_1.12.0\STM32CubeIDE\plugins\com.st.stm32cube.common.mx_6.8.0.202302231600\\db\
2023-05-10 10:14:17,528 [INFO] CodeEngine:255 - oldGeneratedFile, C:\Users\SSAFY\STM32CubeIDE\workspace_CAN_1\CAN\MXTmpFiles\license.tmp_save
2023-05-10 10:14:17,593 [INFO] CodeEngine:279 - Generated code: C:\Users\SSAFY\STM32CubeIDE\workspace_CAN_1\CAN\MXTmpFiles\license.tmp
2023-05-10 10:14:17,610 [INFO] CodeEngine:255 - oldGeneratedFile, C:\Users\SSAFY\STM32CubeIDE\workspace_CAN_1\CAN\MXTmpFiles\gpio.tmp_save
2023-05-10 10:14:17,662 [INFO] CodeEngine:279 - Generated code: C:\Users\SSAFY\STM32CubeIDE\workspace_CAN_1\CAN\MXTmpFiles\gpio.tmp
2023-05-10 10:14:17,673 [INFO] CodeEngine:255 - oldGeneratedFile, C:\Users\SSAFY\STM32CubeIDE\workspace_CAN_1\CAN\Core\Src\stm32f1xx_it.c_save
2023-05-10 10:14:17,745 [INFO] CodeEngine:279 - Generated code: C:\Users\SSAFY\STM32CubeIDE\workspace_CAN_1\CAN\Core\Src\stm32f1xx_it.c
2023-05-10 10:14:17,753 [INFO] CodeEngine:255 - oldGeneratedFile, C:\Users\SSAFY\STM32CubeIDE\workspace_CAN_1\CAN\Core\Inc\stm32f1xx_it.h_save
2023-05-10 10:14:17,800 [INFO] CodeEngine:279 - Generated code: C:\Users\SSAFY\STM32CubeIDE\workspace_CAN_1\CAN\Core\Inc\stm32f1xx_it.h
2023-05-10 10:14:17,815 [INFO] CodeEngine:255 - oldGeneratedFile, C:\Users\SSAFY\STM32CubeIDE\workspace_CAN_1\CAN\Core\Src\stm32f1xx_hal_msp.c_save
2023-05-10 10:14:17,893 [INFO] CodeEngine:279 - Generated code: C:\Users\SSAFY\STM32CubeIDE\workspace_CAN_1\CAN\Core\Src\stm32f1xx_hal_msp.c
2023-05-10 10:14:17,898 [INFO] CodeEngine:255 - oldGeneratedFile, C:\Users\SSAFY\STM32CubeIDE\workspace_CAN_1\CAN\MXTmpFiles\system.tmp_save
2023-05-10 10:14:17,944 [INFO] CodeEngine:279 - Generated code: C:\Users\SSAFY\STM32CubeIDE\workspace_CAN_1\CAN\MXTmpFiles\system.tmp
2023-05-10 10:14:17,952 [INFO] CodeEngine:311 - oldGeneratedFile, C:\Users\SSAFY\STM32CubeIDE\workspace_CAN_1\CAN\Core\Inc\stm32f1xx_hal_conf.h_save
2023-05-10 10:14:18,007 [INFO] CodeEngine:335 - Generated code: C:\Users\SSAFY\STM32CubeIDE\workspace_CAN_1\CAN\Core\Inc\stm32f1xx_hal_conf.h
2023-05-10 10:14:18,044 [INFO] CodeEngine:255 - oldGeneratedFile, C:\Users\SSAFY\STM32CubeIDE\workspace_CAN_1\CAN\Core\Inc\main.h_save
2023-05-10 10:14:18,100 [INFO] CodeEngine:279 - Generated code: C:\Users\SSAFY\STM32CubeIDE\workspace_CAN_1\CAN\Core\Inc\main.h
2023-05-10 10:14:18,107 [INFO] CodeEngine:255 - oldGeneratedFile, C:\Users\SSAFY\STM32CubeIDE\workspace_CAN_1\CAN\Core\Src\main.c_save
2023-05-10 10:14:18,179 [INFO] CodeEngine:279 - Generated code: C:\Users\SSAFY\STM32CubeIDE\workspace_CAN_1\CAN\Core\Src\main.c
2023-05-10 10:14:18,673 [INFO] ProjectBuilder:2996 - Time for Copy HAL[1] : 115mS.
2023-05-10 10:14:18,677 [INFO] ProjectBuilder:4304 - Project Generator version: 3.19.2
2023-05-10 10:14:18,921 [INFO] ConfigFileManager:1483 - The Die is : DIE410
2023-05-10 10:14:19,912 [INFO] ProjectBuilder:4505 - Time for Generating toolchain IDE Files: 1235mS.
2023-05-10 10:14:19,913 [INFO] ProjectBuilder:2867 - Time for Copy CMSIS : 0mS.
2023-05-10 10:14:19,917 [INFO] ProjectBuilder:2867 - Time for Copy CMSIS : 0mS.
2023-05-10 10:31:56,203 [INFO] Can:71 - Can Add PropertyChangeListener com.st.microxplorer.plugins.ip.can.Can@63699c96
2023-05-10 10:32:03,403 [INFO] NvicIntPanel:101 - NVIC parent = com.st.microxplorer.plugins.ip.nvic.MultiNvicIntPanel[,0,0,0x0,invalid,layout=javax.swing.BoxLayout,alignmentX=0.0,alignmentY=0.0,border=,flags=9,maximumSize=,minimumSize=,preferredSize=]
2023-05-10 10:32:03,442 [INFO] NvicIntPanel:101 - NVIC parent = com.st.microxplorer.plugins.ip.nvic.MultiNvicIntPanel[,0,0,0x0,invalid,layout=javax.swing.BoxLayout,alignmentX=0.0,alignmentY=0.0,border=,flags=9,maximumSize=,minimumSize=,preferredSize=]
2023-05-10 10:32:05,120 [INFO] NvicIntPanel:101 - NVIC parent = com.st.microxplorer.plugins.ip.nvic.MultiNvicIntPanel[,0,0,0x0,invalid,layout=javax.swing.BoxLayout,alignmentX=0.0,alignmentY=0.0,border=,flags=9,maximumSize=,minimumSize=,preferredSize=]
2023-05-10 10:32:05,158 [INFO] NvicIntPanel:101 - NVIC parent = com.st.microxplorer.plugins.ip.nvic.MultiNvicIntPanel[,0,0,0x0,invalid,layout=javax.swing.BoxLayout,alignmentX=0.0,alignmentY=0.0,border=,flags=9,maximumSize=,minimumSize=,preferredSize=]
2023-05-10 10:32:06,716 [INFO] NvicIntPanel:101 - NVIC parent = com.st.microxplorer.plugins.ip.nvic.MultiNvicIntPanel[,0,0,0x0,invalid,layout=javax.swing.BoxLayout,alignmentX=0.0,alignmentY=0.0,border=,flags=9,maximumSize=,minimumSize=,preferredSize=]
2023-05-10 10:32:06,753 [INFO] NvicIntPanel:101 - NVIC parent = com.st.microxplorer.plugins.ip.nvic.MultiNvicIntPanel[,0,0,0x0,invalid,layout=javax.swing.BoxLayout,alignmentX=0.0,alignmentY=0.0,border=,flags=9,maximumSize=,minimumSize=,preferredSize=]
2023-05-10 10:32:39,752 [INFO] UtilMem:75 - End SaveConfig() Used Memory: 985014760 Bytes (1071644672)
2023-05-10 10:32:41,272 [INFO] UtilMem:75 - End SaveConfig() Used Memory: 1001842392 Bytes (1071644672)
2023-05-10 10:32:42,376 [INFO] UtilMem:75 - End SaveConfig() Used Memory: 1032123408 Bytes (1071644672)
2023-05-10 10:32:42,590 [INFO] BlockDiagram:2759 - set Specific Code input for plugin: NVIC
2023-05-10 10:32:42,590 [INFO] BlockDiagram:2759 - set Specific Code input for plugin: SYS
2023-05-10 10:32:42,590 [INFO] BlockDiagram:2759 - set Specific Code input for plugin: GPIO
2023-05-10 10:32:42,590 [INFO] BlockDiagram:2759 - set Specific Code input for plugin: CAN
2023-05-10 10:32:42,590 [INFO] BlockDiagram:2759 - set Specific Code input for plugin: RCC
2023-05-10 10:32:42,592 [INFO] CodeGenerator:793 - code generatio: config db path: C:\ST\STM32CubeIDE_1.12.0\STM32CubeIDE\plugins\com.st.stm32cube.common.mx_6.8.0.202302231600\\db\
2023-05-10 10:32:42,771 [INFO] CodeEngine:255 - oldGeneratedFile, C:\Users\SSAFY\STM32CubeIDE\workspace_CAN_1\CAN\MXTmpFiles\license.tmp_save
2023-05-10 10:32:42,876 [INFO] CodeEngine:279 - Generated code: C:\Users\SSAFY\STM32CubeIDE\workspace_CAN_1\CAN\MXTmpFiles\license.tmp
2023-05-10 10:32:42,913 [INFO] CodeEngine:255 - oldGeneratedFile, C:\Users\SSAFY\STM32CubeIDE\workspace_CAN_1\CAN\MXTmpFiles\gpio.tmp_save
2023-05-10 10:32:42,983 [INFO] CodeEngine:279 - Generated code: C:\Users\SSAFY\STM32CubeIDE\workspace_CAN_1\CAN\MXTmpFiles\gpio.tmp
2023-05-10 10:32:43,021 [INFO] CodeEngine:255 - oldGeneratedFile, C:\Users\SSAFY\STM32CubeIDE\workspace_CAN_1\CAN\Core\Src\stm32f1xx_it.c_save
2023-05-10 10:32:43,168 [INFO] CodeEngine:279 - Generated code: C:\Users\SSAFY\STM32CubeIDE\workspace_CAN_1\CAN\Core\Src\stm32f1xx_it.c
2023-05-10 10:32:43,176 [INFO] CodeEngine:255 - oldGeneratedFile, C:\Users\SSAFY\STM32CubeIDE\workspace_CAN_1\CAN\Core\Inc\stm32f1xx_it.h_save
2023-05-10 10:32:43,236 [INFO] CodeEngine:279 - Generated code: C:\Users\SSAFY\STM32CubeIDE\workspace_CAN_1\CAN\Core\Inc\stm32f1xx_it.h
2023-05-10 10:32:43,248 [INFO] CodeEngine:255 - oldGeneratedFile, C:\Users\SSAFY\STM32CubeIDE\workspace_CAN_1\CAN\Core\Src\stm32f1xx_hal_msp.c_save
2023-05-10 10:32:43,387 [INFO] CodeEngine:279 - Generated code: C:\Users\SSAFY\STM32CubeIDE\workspace_CAN_1\CAN\Core\Src\stm32f1xx_hal_msp.c
2023-05-10 10:32:43,398 [INFO] CodeEngine:255 - oldGeneratedFile, C:\Users\SSAFY\STM32CubeIDE\workspace_CAN_1\CAN\MXTmpFiles\system.tmp_save
2023-05-10 10:32:43,449 [INFO] CodeEngine:279 - Generated code: C:\Users\SSAFY\STM32CubeIDE\workspace_CAN_1\CAN\MXTmpFiles\system.tmp
2023-05-10 10:32:43,460 [INFO] CodeEngine:311 - oldGeneratedFile, C:\Users\SSAFY\STM32CubeIDE\workspace_CAN_1\CAN\Core\Inc\stm32f1xx_hal_conf.h_save
2023-05-10 10:32:43,518 [INFO] CodeEngine:335 - Generated code: C:\Users\SSAFY\STM32CubeIDE\workspace_CAN_1\CAN\Core\Inc\stm32f1xx_hal_conf.h
2023-05-10 10:32:43,556 [INFO] CodeEngine:255 - oldGeneratedFile, C:\Users\SSAFY\STM32CubeIDE\workspace_CAN_1\CAN\Core\Inc\main.h_save
2023-05-10 10:32:43,648 [INFO] CodeEngine:279 - Generated code: C:\Users\SSAFY\STM32CubeIDE\workspace_CAN_1\CAN\Core\Inc\main.h
2023-05-10 10:32:43,659 [INFO] CodeEngine:255 - oldGeneratedFile, C:\Users\SSAFY\STM32CubeIDE\workspace_CAN_1\CAN\Core\Src\main.c_save
2023-05-10 10:32:43,766 [INFO] CodeEngine:279 - Generated code: C:\Users\SSAFY\STM32CubeIDE\workspace_CAN_1\CAN\Core\Src\main.c
2023-05-10 10:32:44,369 [INFO] ProjectBuilder:2996 - Time for Copy HAL[1] : 149mS.
2023-05-10 10:32:44,374 [INFO] ProjectBuilder:4304 - Project Generator version: 3.19.2
2023-05-10 10:32:44,538 [INFO] ConfigFileManager:1483 - The Die is : DIE410
2023-05-10 10:32:45,696 [INFO] ProjectBuilder:4505 - Time for Generating toolchain IDE Files: 1322mS.
2023-05-10 10:32:45,697 [INFO] ProjectBuilder:2867 - Time for Copy CMSIS : 0mS.
2023-05-10 10:32:45,701 [INFO] ProjectBuilder:2867 - Time for Copy CMSIS : 0mS.
